[2025-06-14T00:00:07.949+0000] {processor.py:161} INFO - Started process (PID=796) to work on /opt/airflow/dags/etl_pipeline.py
[2025-06-14T00:00:07.950+0000] {processor.py:830} INFO - Processing file /opt/airflow/dags/etl_pipeline.py for tasks to queue
[2025-06-14T00:00:07.952+0000] {logging_mixin.py:188} INFO - [2025-06-14T00:00:07.951+0000] {dagbag.py:538} INFO - Filling up the DagBag from /opt/airflow/dags/etl_pipeline.py
[2025-06-14T00:00:08.302+0000] {processor.py:840} INFO - DAG(s) 'etl_projeto' retrieved from /opt/airflow/dags/etl_pipeline.py
[2025-06-14T00:00:08.359+0000] {logging_mixin.py:188} INFO - [2025-06-14T00:00:08.359+0000] {dag.py:3036} INFO - Sync 1 DAGs
[2025-06-14T00:00:08.412+0000] {logging_mixin.py:188} INFO - [2025-06-14T00:00:08.412+0000] {dag.py:3823} INFO - Setting next_dagrun for etl_projeto to 2025-06-14 00:00:00+00:00, run_after=2025-06-15 00:00:00+00:00
[2025-06-14T00:00:08.456+0000] {processor.py:183} INFO - Processing /opt/airflow/dags/etl_pipeline.py took 0.512 seconds
[2025-06-14T00:00:12.075+0000] {processor.py:161} INFO - Started process (PID=804) to work on /opt/airflow/dags/etl_pipeline.py
[2025-06-14T00:00:12.076+0000] {processor.py:830} INFO - Processing file /opt/airflow/dags/etl_pipeline.py for tasks to queue
[2025-06-14T00:00:12.077+0000] {logging_mixin.py:188} INFO - [2025-06-14T00:00:12.077+0000] {dagbag.py:538} INFO - Filling up the DagBag from /opt/airflow/dags/etl_pipeline.py
[2025-06-14T00:00:12.398+0000] {processor.py:840} INFO - DAG(s) 'etl_projeto' retrieved from /opt/airflow/dags/etl_pipeline.py
[2025-06-14T00:00:12.433+0000] {logging_mixin.py:188} INFO - [2025-06-14T00:00:12.433+0000] {dag.py:3036} INFO - Sync 1 DAGs
[2025-06-14T00:00:12.460+0000] {logging_mixin.py:188} INFO - [2025-06-14T00:00:12.460+0000] {dag.py:3823} INFO - Setting next_dagrun for etl_projeto to 2025-06-14 00:00:00+00:00, run_after=2025-06-15 00:00:00+00:00
[2025-06-14T00:00:12.486+0000] {processor.py:183} INFO - Processing /opt/airflow/dags/etl_pipeline.py took 0.418 seconds
[2025-06-14T00:00:14.509+0000] {processor.py:161} INFO - Started process (PID=810) to work on /opt/airflow/dags/etl_pipeline.py
[2025-06-14T00:00:14.510+0000] {processor.py:830} INFO - Processing file /opt/airflow/dags/etl_pipeline.py for tasks to queue
[2025-06-14T00:00:14.511+0000] {logging_mixin.py:188} INFO - [2025-06-14T00:00:14.511+0000] {dagbag.py:538} INFO - Filling up the DagBag from /opt/airflow/dags/etl_pipeline.py
[2025-06-14T00:00:14.853+0000] {processor.py:840} INFO - DAG(s) 'etl_projeto' retrieved from /opt/airflow/dags/etl_pipeline.py
[2025-06-14T00:00:14.887+0000] {logging_mixin.py:188} INFO - [2025-06-14T00:00:14.886+0000] {dag.py:3036} INFO - Sync 1 DAGs
[2025-06-14T00:00:14.916+0000] {logging_mixin.py:188} INFO - [2025-06-14T00:00:14.916+0000] {dag.py:3823} INFO - Setting next_dagrun for etl_projeto to 2025-06-14 00:00:00+00:00, run_after=2025-06-15 00:00:00+00:00
[2025-06-14T00:00:14.964+0000] {processor.py:183} INFO - Processing /opt/airflow/dags/etl_pipeline.py took 0.460 seconds
[2025-06-14T00:00:18.016+0000] {processor.py:161} INFO - Started process (PID=814) to work on /opt/airflow/dags/etl_pipeline.py
[2025-06-14T00:00:18.019+0000] {processor.py:830} INFO - Processing file /opt/airflow/dags/etl_pipeline.py for tasks to queue
[2025-06-14T00:00:18.023+0000] {logging_mixin.py:188} INFO - [2025-06-14T00:00:18.020+0000] {dagbag.py:538} INFO - Filling up the DagBag from /opt/airflow/dags/etl_pipeline.py
[2025-06-14T00:00:18.393+0000] {processor.py:840} INFO - DAG(s) 'etl_projeto' retrieved from /opt/airflow/dags/etl_pipeline.py
[2025-06-14T00:00:18.426+0000] {logging_mixin.py:188} INFO - [2025-06-14T00:00:18.425+0000] {dag.py:3036} INFO - Sync 1 DAGs
[2025-06-14T00:00:18.452+0000] {logging_mixin.py:188} INFO - [2025-06-14T00:00:18.451+0000] {dag.py:3823} INFO - Setting next_dagrun for etl_projeto to 2025-06-14 00:00:00+00:00, run_after=2025-06-15 00:00:00+00:00
[2025-06-14T00:00:18.475+0000] {processor.py:183} INFO - Processing /opt/airflow/dags/etl_pipeline.py took 0.465 seconds
[2025-06-14T00:00:23.039+0000] {processor.py:161} INFO - Started process (PID=816) to work on /opt/airflow/dags/etl_pipeline.py
[2025-06-14T00:00:23.040+0000] {processor.py:830} INFO - Processing file /opt/airflow/dags/etl_pipeline.py for tasks to queue
[2025-06-14T00:00:23.042+0000] {logging_mixin.py:188} INFO - [2025-06-14T00:00:23.041+0000] {dagbag.py:538} INFO - Filling up the DagBag from /opt/airflow/dags/etl_pipeline.py
[2025-06-14T00:00:23.045+0000] {logging_mixin.py:188} INFO - [2025-06-14T00:00:23.044+0000] {dagbag.py:348} ERROR - Failed to import: /opt/airflow/dags/etl_pipeline.py
Traceback (most recent call last):
  File "/home/airflow/.local/lib/python3.8/site-packages/airflow/models/dagbag.py", line 344, in parse
    loader.exec_module(new_module)
  File "<frozen importlib._bootstrap_external>", line 839, in exec_module
  File "<frozen importlib._bootstrap_external>", line 976, in get_code
  File "<frozen importlib._bootstrap_external>", line 906, in source_to_code
  File "<frozen importlib._bootstrap>", line 219, in _call_with_frames_removed
  File "/opt/airflow/dags/etl_pipeline.py", line 32
    dag_run = context.get('dag_run')
    ^
IndentationError: unexpected indent
[2025-06-14T00:00:23.046+0000] {processor.py:842} WARNING - No viable dags retrieved from /opt/airflow/dags/etl_pipeline.py
[2025-06-14T00:00:23.077+0000] {processor.py:183} INFO - Processing /opt/airflow/dags/etl_pipeline.py took 0.042 seconds
[2025-06-14T00:00:24.050+0000] {processor.py:161} INFO - Started process (PID=817) to work on /opt/airflow/dags/etl_pipeline.py
[2025-06-14T00:00:24.052+0000] {processor.py:830} INFO - Processing file /opt/airflow/dags/etl_pipeline.py for tasks to queue
[2025-06-14T00:00:24.053+0000] {logging_mixin.py:188} INFO - [2025-06-14T00:00:24.052+0000] {dagbag.py:538} INFO - Filling up the DagBag from /opt/airflow/dags/etl_pipeline.py
[2025-06-14T00:00:24.476+0000] {processor.py:840} INFO - DAG(s) 'etl_projeto' retrieved from /opt/airflow/dags/etl_pipeline.py
[2025-06-14T00:00:24.519+0000] {logging_mixin.py:188} INFO - [2025-06-14T00:00:24.519+0000] {dag.py:3036} INFO - Sync 1 DAGs
[2025-06-14T00:00:24.554+0000] {logging_mixin.py:188} INFO - [2025-06-14T00:00:24.554+0000] {dag.py:3823} INFO - Setting next_dagrun for etl_projeto to 2025-06-14 00:00:00+00:00, run_after=2025-06-15 00:00:00+00:00
[2025-06-14T00:00:24.583+0000] {processor.py:183} INFO - Processing /opt/airflow/dags/etl_pipeline.py took 0.537 seconds
[2025-06-14T00:00:26.115+0000] {processor.py:161} INFO - Started process (PID=819) to work on /opt/airflow/dags/etl_pipeline.py
[2025-06-14T00:00:26.117+0000] {processor.py:830} INFO - Processing file /opt/airflow/dags/etl_pipeline.py for tasks to queue
[2025-06-14T00:00:26.118+0000] {logging_mixin.py:188} INFO - [2025-06-14T00:00:26.117+0000] {dagbag.py:538} INFO - Filling up the DagBag from /opt/airflow/dags/etl_pipeline.py
[2025-06-14T00:00:26.491+0000] {processor.py:840} INFO - DAG(s) 'etl_projeto' retrieved from /opt/airflow/dags/etl_pipeline.py
[2025-06-14T00:00:26.523+0000] {logging_mixin.py:188} INFO - [2025-06-14T00:00:26.522+0000] {dag.py:3036} INFO - Sync 1 DAGs
[2025-06-14T00:00:26.549+0000] {logging_mixin.py:188} INFO - [2025-06-14T00:00:26.548+0000] {dag.py:3823} INFO - Setting next_dagrun for etl_projeto to 2025-06-14 00:00:00+00:00, run_after=2025-06-15 00:00:00+00:00
[2025-06-14T00:00:26.790+0000] {processor.py:183} INFO - Processing /opt/airflow/dags/etl_pipeline.py took 0.678 seconds
[2025-06-14T00:00:27.829+0000] {processor.py:161} INFO - Started process (PID=821) to work on /opt/airflow/dags/etl_pipeline.py
[2025-06-14T00:00:27.833+0000] {processor.py:830} INFO - Processing file /opt/airflow/dags/etl_pipeline.py for tasks to queue
[2025-06-14T00:00:27.835+0000] {logging_mixin.py:188} INFO - [2025-06-14T00:00:27.835+0000] {dagbag.py:538} INFO - Filling up the DagBag from /opt/airflow/dags/etl_pipeline.py
[2025-06-14T00:00:28.147+0000] {processor.py:840} INFO - DAG(s) 'etl_projeto' retrieved from /opt/airflow/dags/etl_pipeline.py
[2025-06-14T00:00:28.186+0000] {logging_mixin.py:188} INFO - [2025-06-14T00:00:28.185+0000] {dag.py:3036} INFO - Sync 1 DAGs
[2025-06-14T00:00:28.218+0000] {logging_mixin.py:188} INFO - [2025-06-14T00:00:28.218+0000] {dag.py:3823} INFO - Setting next_dagrun for etl_projeto to 2025-06-14 00:00:00+00:00, run_after=2025-06-15 00:00:00+00:00
[2025-06-14T00:00:28.380+0000] {processor.py:183} INFO - Processing /opt/airflow/dags/etl_pipeline.py took 0.554 seconds
[2025-06-14T00:00:34.446+0000] {processor.py:161} INFO - Started process (PID=824) to work on /opt/airflow/dags/etl_pipeline.py
[2025-06-14T00:00:34.456+0000] {processor.py:830} INFO - Processing file /opt/airflow/dags/etl_pipeline.py for tasks to queue
[2025-06-14T00:00:34.457+0000] {logging_mixin.py:188} INFO - [2025-06-14T00:00:34.457+0000] {dagbag.py:538} INFO - Filling up the DagBag from /opt/airflow/dags/etl_pipeline.py
[2025-06-14T00:00:34.839+0000] {processor.py:840} INFO - DAG(s) 'etl_projeto' retrieved from /opt/airflow/dags/etl_pipeline.py
[2025-06-14T00:00:34.871+0000] {logging_mixin.py:188} INFO - [2025-06-14T00:00:34.870+0000] {dag.py:3036} INFO - Sync 1 DAGs
[2025-06-14T00:00:34.900+0000] {logging_mixin.py:188} INFO - [2025-06-14T00:00:34.900+0000] {dag.py:3823} INFO - Setting next_dagrun for etl_projeto to 2025-06-14 00:00:00+00:00, run_after=2025-06-15 00:00:00+00:00
[2025-06-14T00:00:35.053+0000] {processor.py:183} INFO - Processing /opt/airflow/dags/etl_pipeline.py took 0.611 seconds
[2025-06-14T00:01:00.710+0000] {processor.py:161} INFO - Started process (PID=827) to work on /opt/airflow/dags/etl_pipeline.py
[2025-06-14T00:01:00.712+0000] {processor.py:830} INFO - Processing file /opt/airflow/dags/etl_pipeline.py for tasks to queue
[2025-06-14T00:01:00.713+0000] {logging_mixin.py:188} INFO - [2025-06-14T00:01:00.713+0000] {dagbag.py:538} INFO - Filling up the DagBag from /opt/airflow/dags/etl_pipeline.py
[2025-06-14T00:01:01.018+0000] {processor.py:840} INFO - DAG(s) 'etl_projeto' retrieved from /opt/airflow/dags/etl_pipeline.py
[2025-06-14T00:01:01.050+0000] {logging_mixin.py:188} INFO - [2025-06-14T00:01:01.050+0000] {dag.py:3036} INFO - Sync 1 DAGs
[2025-06-14T00:01:01.077+0000] {logging_mixin.py:188} INFO - [2025-06-14T00:01:01.077+0000] {dag.py:3823} INFO - Setting next_dagrun for etl_projeto to 2025-06-14 00:00:00+00:00, run_after=2025-06-15 00:00:00+00:00
[2025-06-14T00:01:01.101+0000] {processor.py:183} INFO - Processing /opt/airflow/dags/etl_pipeline.py took 0.395 seconds
[2025-06-14T00:01:04.860+0000] {processor.py:161} INFO - Started process (PID=829) to work on /opt/airflow/dags/etl_pipeline.py
[2025-06-14T00:01:04.861+0000] {processor.py:830} INFO - Processing file /opt/airflow/dags/etl_pipeline.py for tasks to queue
[2025-06-14T00:01:04.862+0000] {logging_mixin.py:188} INFO - [2025-06-14T00:01:04.862+0000] {dagbag.py:538} INFO - Filling up the DagBag from /opt/airflow/dags/etl_pipeline.py
[2025-06-14T00:01:05.195+0000] {processor.py:840} INFO - DAG(s) 'etl_projeto' retrieved from /opt/airflow/dags/etl_pipeline.py
[2025-06-14T00:01:05.229+0000] {logging_mixin.py:188} INFO - [2025-06-14T00:01:05.229+0000] {dag.py:3036} INFO - Sync 1 DAGs
[2025-06-14T00:01:05.258+0000] {logging_mixin.py:188} INFO - [2025-06-14T00:01:05.258+0000] {dag.py:3823} INFO - Setting next_dagrun for etl_projeto to 2025-06-14 00:00:00+00:00, run_after=2025-06-15 00:00:00+00:00
[2025-06-14T00:01:05.288+0000] {processor.py:183} INFO - Processing /opt/airflow/dags/etl_pipeline.py took 0.432 seconds
[2025-06-14T00:01:10.168+0000] {processor.py:161} INFO - Started process (PID=831) to work on /opt/airflow/dags/etl_pipeline.py
[2025-06-14T00:01:10.169+0000] {processor.py:830} INFO - Processing file /opt/airflow/dags/etl_pipeline.py for tasks to queue
[2025-06-14T00:01:10.170+0000] {logging_mixin.py:188} INFO - [2025-06-14T00:01:10.170+0000] {dagbag.py:538} INFO - Filling up the DagBag from /opt/airflow/dags/etl_pipeline.py
[2025-06-14T00:01:10.490+0000] {processor.py:840} INFO - DAG(s) 'etl_projeto' retrieved from /opt/airflow/dags/etl_pipeline.py
[2025-06-14T00:01:10.522+0000] {logging_mixin.py:188} INFO - [2025-06-14T00:01:10.521+0000] {dag.py:3036} INFO - Sync 1 DAGs
[2025-06-14T00:01:10.548+0000] {logging_mixin.py:188} INFO - [2025-06-14T00:01:10.548+0000] {dag.py:3823} INFO - Setting next_dagrun for etl_projeto to 2025-06-14 00:00:00+00:00, run_after=2025-06-15 00:00:00+00:00
[2025-06-14T00:01:10.572+0000] {processor.py:183} INFO - Processing /opt/airflow/dags/etl_pipeline.py took 0.408 seconds
[2025-06-14T00:01:13.355+0000] {processor.py:161} INFO - Started process (PID=833) to work on /opt/airflow/dags/etl_pipeline.py
[2025-06-14T00:01:13.356+0000] {processor.py:830} INFO - Processing file /opt/airflow/dags/etl_pipeline.py for tasks to queue
[2025-06-14T00:01:13.358+0000] {logging_mixin.py:188} INFO - [2025-06-14T00:01:13.357+0000] {dagbag.py:538} INFO - Filling up the DagBag from /opt/airflow/dags/etl_pipeline.py
[2025-06-14T00:01:13.702+0000] {processor.py:840} INFO - DAG(s) 'etl_projeto' retrieved from /opt/airflow/dags/etl_pipeline.py
[2025-06-14T00:01:13.737+0000] {logging_mixin.py:188} INFO - [2025-06-14T00:01:13.737+0000] {dag.py:3036} INFO - Sync 1 DAGs
[2025-06-14T00:01:13.765+0000] {logging_mixin.py:188} INFO - [2025-06-14T00:01:13.765+0000] {dag.py:3823} INFO - Setting next_dagrun for etl_projeto to 2025-06-14 00:00:00+00:00, run_after=2025-06-15 00:00:00+00:00
[2025-06-14T00:01:13.791+0000] {processor.py:183} INFO - Processing /opt/airflow/dags/etl_pipeline.py took 0.440 seconds
[2025-06-14T00:01:20.652+0000] {processor.py:161} INFO - Started process (PID=835) to work on /opt/airflow/dags/etl_pipeline.py
[2025-06-14T00:01:20.653+0000] {processor.py:830} INFO - Processing file /opt/airflow/dags/etl_pipeline.py for tasks to queue
[2025-06-14T00:01:20.655+0000] {logging_mixin.py:188} INFO - [2025-06-14T00:01:20.654+0000] {dagbag.py:538} INFO - Filling up the DagBag from /opt/airflow/dags/etl_pipeline.py
[2025-06-14T00:01:21.010+0000] {processor.py:840} INFO - DAG(s) 'etl_projeto' retrieved from /opt/airflow/dags/etl_pipeline.py
[2025-06-14T00:01:21.044+0000] {logging_mixin.py:188} INFO - [2025-06-14T00:01:21.044+0000] {dag.py:3036} INFO - Sync 1 DAGs
[2025-06-14T00:01:21.073+0000] {logging_mixin.py:188} INFO - [2025-06-14T00:01:21.073+0000] {dag.py:3823} INFO - Setting next_dagrun for etl_projeto to 2025-06-14 00:00:00+00:00, run_after=2025-06-15 00:00:00+00:00
[2025-06-14T00:01:21.097+0000] {processor.py:183} INFO - Processing /opt/airflow/dags/etl_pipeline.py took 0.451 seconds
[2025-06-14T00:01:21.852+0000] {processor.py:161} INFO - Started process (PID=837) to work on /opt/airflow/dags/etl_pipeline.py
[2025-06-14T00:01:21.853+0000] {processor.py:830} INFO - Processing file /opt/airflow/dags/etl_pipeline.py for tasks to queue
[2025-06-14T00:01:21.854+0000] {logging_mixin.py:188} INFO - [2025-06-14T00:01:21.854+0000] {dagbag.py:538} INFO - Filling up the DagBag from /opt/airflow/dags/etl_pipeline.py
[2025-06-14T00:01:22.205+0000] {processor.py:840} INFO - DAG(s) 'etl_projeto' retrieved from /opt/airflow/dags/etl_pipeline.py
[2025-06-14T00:01:22.238+0000] {logging_mixin.py:188} INFO - [2025-06-14T00:01:22.238+0000] {dag.py:3036} INFO - Sync 1 DAGs
[2025-06-14T00:01:22.264+0000] {logging_mixin.py:188} INFO - [2025-06-14T00:01:22.264+0000] {dag.py:3823} INFO - Setting next_dagrun for etl_projeto to 2025-06-14 00:00:00+00:00, run_after=2025-06-15 00:00:00+00:00
[2025-06-14T00:01:22.286+0000] {processor.py:183} INFO - Processing /opt/airflow/dags/etl_pipeline.py took 0.439 seconds
[2025-06-14T00:01:52.316+0000] {processor.py:161} INFO - Started process (PID=840) to work on /opt/airflow/dags/etl_pipeline.py
[2025-06-14T00:01:52.318+0000] {processor.py:830} INFO - Processing file /opt/airflow/dags/etl_pipeline.py for tasks to queue
[2025-06-14T00:01:52.319+0000] {logging_mixin.py:188} INFO - [2025-06-14T00:01:52.319+0000] {dagbag.py:538} INFO - Filling up the DagBag from /opt/airflow/dags/etl_pipeline.py
[2025-06-14T00:01:52.757+0000] {processor.py:840} INFO - DAG(s) 'etl_projeto' retrieved from /opt/airflow/dags/etl_pipeline.py
[2025-06-14T00:01:52.793+0000] {logging_mixin.py:188} INFO - [2025-06-14T00:01:52.793+0000] {dag.py:3036} INFO - Sync 1 DAGs
[2025-06-14T00:01:52.823+0000] {logging_mixin.py:188} INFO - [2025-06-14T00:01:52.822+0000] {dag.py:3823} INFO - Setting next_dagrun for etl_projeto to 2025-06-14 00:00:00+00:00, run_after=2025-06-15 00:00:00+00:00
[2025-06-14T00:01:52.848+0000] {processor.py:183} INFO - Processing /opt/airflow/dags/etl_pipeline.py took 0.535 seconds
[2025-06-14T00:02:23.648+0000] {processor.py:161} INFO - Started process (PID=843) to work on /opt/airflow/dags/etl_pipeline.py
[2025-06-14T00:02:23.650+0000] {processor.py:830} INFO - Processing file /opt/airflow/dags/etl_pipeline.py for tasks to queue
[2025-06-14T00:02:23.651+0000] {logging_mixin.py:188} INFO - [2025-06-14T00:02:23.651+0000] {dagbag.py:538} INFO - Filling up the DagBag from /opt/airflow/dags/etl_pipeline.py
[2025-06-14T00:02:23.964+0000] {processor.py:840} INFO - DAG(s) 'etl_projeto' retrieved from /opt/airflow/dags/etl_pipeline.py
[2025-06-14T00:02:24.000+0000] {logging_mixin.py:188} INFO - [2025-06-14T00:02:23.999+0000] {dag.py:3036} INFO - Sync 1 DAGs
[2025-06-14T00:02:24.028+0000] {logging_mixin.py:188} INFO - [2025-06-14T00:02:24.028+0000] {dag.py:3823} INFO - Setting next_dagrun for etl_projeto to 2025-06-14 00:00:00+00:00, run_after=2025-06-15 00:00:00+00:00
[2025-06-14T00:02:24.049+0000] {processor.py:183} INFO - Processing /opt/airflow/dags/etl_pipeline.py took 0.409 seconds
[2025-06-14T00:02:54.887+0000] {processor.py:161} INFO - Started process (PID=846) to work on /opt/airflow/dags/etl_pipeline.py
[2025-06-14T00:02:54.889+0000] {processor.py:830} INFO - Processing file /opt/airflow/dags/etl_pipeline.py for tasks to queue
[2025-06-14T00:02:54.890+0000] {logging_mixin.py:188} INFO - [2025-06-14T00:02:54.890+0000] {dagbag.py:538} INFO - Filling up the DagBag from /opt/airflow/dags/etl_pipeline.py
[2025-06-14T00:02:55.224+0000] {processor.py:840} INFO - DAG(s) 'etl_projeto' retrieved from /opt/airflow/dags/etl_pipeline.py
[2025-06-14T00:02:55.258+0000] {logging_mixin.py:188} INFO - [2025-06-14T00:02:55.257+0000] {dag.py:3036} INFO - Sync 1 DAGs
[2025-06-14T00:02:55.284+0000] {logging_mixin.py:188} INFO - [2025-06-14T00:02:55.283+0000] {dag.py:3823} INFO - Setting next_dagrun for etl_projeto to 2025-06-14 00:00:00+00:00, run_after=2025-06-15 00:00:00+00:00
[2025-06-14T00:02:55.309+0000] {processor.py:183} INFO - Processing /opt/airflow/dags/etl_pipeline.py took 0.427 seconds
[2025-06-14T00:03:26.160+0000] {processor.py:161} INFO - Started process (PID=849) to work on /opt/airflow/dags/etl_pipeline.py
[2025-06-14T00:03:26.163+0000] {processor.py:830} INFO - Processing file /opt/airflow/dags/etl_pipeline.py for tasks to queue
[2025-06-14T00:03:26.164+0000] {logging_mixin.py:188} INFO - [2025-06-14T00:03:26.164+0000] {dagbag.py:538} INFO - Filling up the DagBag from /opt/airflow/dags/etl_pipeline.py
[2025-06-14T00:03:26.497+0000] {processor.py:840} INFO - DAG(s) 'etl_projeto' retrieved from /opt/airflow/dags/etl_pipeline.py
[2025-06-14T00:03:26.530+0000] {logging_mixin.py:188} INFO - [2025-06-14T00:03:26.530+0000] {dag.py:3036} INFO - Sync 1 DAGs
[2025-06-14T00:03:26.558+0000] {logging_mixin.py:188} INFO - [2025-06-14T00:03:26.558+0000] {dag.py:3823} INFO - Setting next_dagrun for etl_projeto to 2025-06-14 00:00:00+00:00, run_after=2025-06-15 00:00:00+00:00
[2025-06-14T00:03:26.719+0000] {processor.py:183} INFO - Processing /opt/airflow/dags/etl_pipeline.py took 0.566 seconds
[2025-06-14T00:03:57.455+0000] {processor.py:161} INFO - Started process (PID=852) to work on /opt/airflow/dags/etl_pipeline.py
[2025-06-14T00:03:57.457+0000] {processor.py:830} INFO - Processing file /opt/airflow/dags/etl_pipeline.py for tasks to queue
[2025-06-14T00:03:57.458+0000] {logging_mixin.py:188} INFO - [2025-06-14T00:03:57.457+0000] {dagbag.py:538} INFO - Filling up the DagBag from /opt/airflow/dags/etl_pipeline.py
[2025-06-14T00:03:57.788+0000] {processor.py:840} INFO - DAG(s) 'etl_projeto' retrieved from /opt/airflow/dags/etl_pipeline.py
[2025-06-14T00:03:57.820+0000] {logging_mixin.py:188} INFO - [2025-06-14T00:03:57.820+0000] {dag.py:3036} INFO - Sync 1 DAGs
[2025-06-14T00:03:57.972+0000] {logging_mixin.py:188} INFO - [2025-06-14T00:03:57.972+0000] {dag.py:3823} INFO - Setting next_dagrun for etl_projeto to 2025-06-14 00:00:00+00:00, run_after=2025-06-15 00:00:00+00:00
[2025-06-14T00:03:57.991+0000] {processor.py:183} INFO - Processing /opt/airflow/dags/etl_pipeline.py took 0.541 seconds
[2025-06-14T00:04:28.741+0000] {processor.py:161} INFO - Started process (PID=855) to work on /opt/airflow/dags/etl_pipeline.py
[2025-06-14T00:04:28.744+0000] {processor.py:830} INFO - Processing file /opt/airflow/dags/etl_pipeline.py for tasks to queue
[2025-06-14T00:04:28.746+0000] {logging_mixin.py:188} INFO - [2025-06-14T00:04:28.745+0000] {dagbag.py:538} INFO - Filling up the DagBag from /opt/airflow/dags/etl_pipeline.py
[2025-06-14T00:04:29.050+0000] {processor.py:840} INFO - DAG(s) 'etl_projeto' retrieved from /opt/airflow/dags/etl_pipeline.py
[2025-06-14T00:04:29.101+0000] {logging_mixin.py:188} INFO - [2025-06-14T00:04:29.101+0000] {dag.py:3036} INFO - Sync 1 DAGs
[2025-06-14T00:04:29.139+0000] {logging_mixin.py:188} INFO - [2025-06-14T00:04:29.139+0000] {dag.py:3823} INFO - Setting next_dagrun for etl_projeto to 2025-06-14 00:00:00+00:00, run_after=2025-06-15 00:00:00+00:00
[2025-06-14T00:04:29.167+0000] {processor.py:183} INFO - Processing /opt/airflow/dags/etl_pipeline.py took 0.436 seconds
[2025-06-14T00:05:00.004+0000] {processor.py:161} INFO - Started process (PID=858) to work on /opt/airflow/dags/etl_pipeline.py
[2025-06-14T00:05:00.005+0000] {processor.py:830} INFO - Processing file /opt/airflow/dags/etl_pipeline.py for tasks to queue
[2025-06-14T00:05:00.006+0000] {logging_mixin.py:188} INFO - [2025-06-14T00:05:00.006+0000] {dagbag.py:538} INFO - Filling up the DagBag from /opt/airflow/dags/etl_pipeline.py
[2025-06-14T00:05:00.329+0000] {processor.py:840} INFO - DAG(s) 'etl_projeto' retrieved from /opt/airflow/dags/etl_pipeline.py
[2025-06-14T00:05:00.362+0000] {logging_mixin.py:188} INFO - [2025-06-14T00:05:00.361+0000] {dag.py:3036} INFO - Sync 1 DAGs
[2025-06-14T00:05:00.388+0000] {logging_mixin.py:188} INFO - [2025-06-14T00:05:00.387+0000] {dag.py:3823} INFO - Setting next_dagrun for etl_projeto to 2025-06-14 00:00:00+00:00, run_after=2025-06-15 00:00:00+00:00
[2025-06-14T00:05:00.410+0000] {processor.py:183} INFO - Processing /opt/airflow/dags/etl_pipeline.py took 0.410 seconds
[2025-06-14T00:05:31.347+0000] {processor.py:161} INFO - Started process (PID=861) to work on /opt/airflow/dags/etl_pipeline.py
[2025-06-14T00:05:31.349+0000] {processor.py:830} INFO - Processing file /opt/airflow/dags/etl_pipeline.py for tasks to queue
[2025-06-14T00:05:31.351+0000] {logging_mixin.py:188} INFO - [2025-06-14T00:05:31.350+0000] {dagbag.py:538} INFO - Filling up the DagBag from /opt/airflow/dags/etl_pipeline.py
[2025-06-14T00:05:31.648+0000] {processor.py:840} INFO - DAG(s) 'etl_projeto' retrieved from /opt/airflow/dags/etl_pipeline.py
[2025-06-14T00:05:31.681+0000] {logging_mixin.py:188} INFO - [2025-06-14T00:05:31.680+0000] {dag.py:3036} INFO - Sync 1 DAGs
[2025-06-14T00:05:31.705+0000] {logging_mixin.py:188} INFO - [2025-06-14T00:05:31.705+0000] {dag.py:3823} INFO - Setting next_dagrun for etl_projeto to 2025-06-14 00:00:00+00:00, run_after=2025-06-15 00:00:00+00:00
[2025-06-14T00:05:31.726+0000] {processor.py:183} INFO - Processing /opt/airflow/dags/etl_pipeline.py took 0.386 seconds
[2025-06-14T00:06:02.608+0000] {processor.py:161} INFO - Started process (PID=864) to work on /opt/airflow/dags/etl_pipeline.py
[2025-06-14T00:06:02.615+0000] {processor.py:830} INFO - Processing file /opt/airflow/dags/etl_pipeline.py for tasks to queue
[2025-06-14T00:06:02.618+0000] {logging_mixin.py:188} INFO - [2025-06-14T00:06:02.615+0000] {dagbag.py:538} INFO - Filling up the DagBag from /opt/airflow/dags/etl_pipeline.py
[2025-06-14T00:06:03.008+0000] {processor.py:840} INFO - DAG(s) 'etl_projeto' retrieved from /opt/airflow/dags/etl_pipeline.py
[2025-06-14T00:06:03.043+0000] {logging_mixin.py:188} INFO - [2025-06-14T00:06:03.042+0000] {dag.py:3036} INFO - Sync 1 DAGs
[2025-06-14T00:06:03.072+0000] {logging_mixin.py:188} INFO - [2025-06-14T00:06:03.072+0000] {dag.py:3823} INFO - Setting next_dagrun for etl_projeto to 2025-06-14 00:00:00+00:00, run_after=2025-06-15 00:00:00+00:00
[2025-06-14T00:06:03.230+0000] {processor.py:183} INFO - Processing /opt/airflow/dags/etl_pipeline.py took 0.626 seconds
[2025-06-14T00:06:33.965+0000] {processor.py:161} INFO - Started process (PID=868) to work on /opt/airflow/dags/etl_pipeline.py
[2025-06-14T00:06:33.967+0000] {processor.py:830} INFO - Processing file /opt/airflow/dags/etl_pipeline.py for tasks to queue
[2025-06-14T00:06:33.968+0000] {logging_mixin.py:188} INFO - [2025-06-14T00:06:33.967+0000] {dagbag.py:538} INFO - Filling up the DagBag from /opt/airflow/dags/etl_pipeline.py
[2025-06-14T00:06:34.297+0000] {processor.py:840} INFO - DAG(s) 'etl_projeto' retrieved from /opt/airflow/dags/etl_pipeline.py
[2025-06-14T00:06:34.332+0000] {logging_mixin.py:188} INFO - [2025-06-14T00:06:34.332+0000] {dag.py:3036} INFO - Sync 1 DAGs
[2025-06-14T00:06:34.362+0000] {logging_mixin.py:188} INFO - [2025-06-14T00:06:34.361+0000] {dag.py:3823} INFO - Setting next_dagrun for etl_projeto to 2025-06-14 00:00:00+00:00, run_after=2025-06-15 00:00:00+00:00
[2025-06-14T00:06:34.536+0000] {processor.py:183} INFO - Processing /opt/airflow/dags/etl_pipeline.py took 0.574 seconds
[2025-06-14T00:07:05.223+0000] {processor.py:161} INFO - Started process (PID=887) to work on /opt/airflow/dags/etl_pipeline.py
[2025-06-14T00:07:05.224+0000] {processor.py:830} INFO - Processing file /opt/airflow/dags/etl_pipeline.py for tasks to queue
[2025-06-14T00:07:05.225+0000] {logging_mixin.py:188} INFO - [2025-06-14T00:07:05.225+0000] {dagbag.py:538} INFO - Filling up the DagBag from /opt/airflow/dags/etl_pipeline.py
[2025-06-14T00:07:05.543+0000] {processor.py:840} INFO - DAG(s) 'etl_projeto' retrieved from /opt/airflow/dags/etl_pipeline.py
[2025-06-14T00:07:05.576+0000] {logging_mixin.py:188} INFO - [2025-06-14T00:07:05.575+0000] {dag.py:3036} INFO - Sync 1 DAGs
[2025-06-14T00:07:05.604+0000] {logging_mixin.py:188} INFO - [2025-06-14T00:07:05.604+0000] {dag.py:3823} INFO - Setting next_dagrun for etl_projeto to 2025-06-14 00:00:00+00:00, run_after=2025-06-15 00:00:00+00:00
[2025-06-14T00:07:05.635+0000] {processor.py:183} INFO - Processing /opt/airflow/dags/etl_pipeline.py took 0.417 seconds
