[2025-06-14T00:00:29.410+0000] {processor.py:161} INFO - Started process (PID=823) to work on /opt/airflow/dags/provision_dw.py
[2025-06-14T00:00:29.411+0000] {processor.py:830} INFO - Processing file /opt/airflow/dags/provision_dw.py for tasks to queue
[2025-06-14T00:00:29.413+0000] {logging_mixin.py:188} INFO - [2025-06-14T00:00:29.412+0000] {dagbag.py:538} INFO - Filling up the DagBag from /opt/airflow/dags/provision_dw.py
[2025-06-14T00:00:29.425+0000] {processor.py:840} INFO - DAG(s) 'provision_dw' retrieved from /opt/airflow/dags/provision_dw.py
[2025-06-14T00:00:29.466+0000] {logging_mixin.py:188} INFO - [2025-06-14T00:00:29.465+0000] {dag.py:3036} INFO - Sync 1 DAGs
[2025-06-14T00:00:29.480+0000] {logging_mixin.py:188} INFO - [2025-06-14T00:00:29.480+0000] {dag.py:3823} INFO - Setting next_dagrun for provision_dw to None, run_after=None
[2025-06-14T00:00:29.506+0000] {processor.py:183} INFO - Processing /opt/airflow/dags/provision_dw.py took 0.099 seconds
[2025-06-14T00:00:59.698+0000] {processor.py:161} INFO - Started process (PID=826) to work on /opt/airflow/dags/provision_dw.py
[2025-06-14T00:00:59.706+0000] {processor.py:830} INFO - Processing file /opt/airflow/dags/provision_dw.py for tasks to queue
[2025-06-14T00:00:59.708+0000] {logging_mixin.py:188} INFO - [2025-06-14T00:00:59.707+0000] {dagbag.py:538} INFO - Filling up the DagBag from /opt/airflow/dags/provision_dw.py
[2025-06-14T00:00:59.722+0000] {processor.py:840} INFO - DAG(s) 'provision_dw' retrieved from /opt/airflow/dags/provision_dw.py
[2025-06-14T00:00:59.773+0000] {logging_mixin.py:188} INFO - [2025-06-14T00:00:59.773+0000] {dag.py:3036} INFO - Sync 1 DAGs
[2025-06-14T00:00:59.788+0000] {logging_mixin.py:188} INFO - [2025-06-14T00:00:59.788+0000] {dag.py:3823} INFO - Setting next_dagrun for provision_dw to None, run_after=None
[2025-06-14T00:00:59.810+0000] {processor.py:183} INFO - Processing /opt/airflow/dags/provision_dw.py took 0.117 seconds
[2025-06-14T00:01:30.195+0000] {processor.py:161} INFO - Started process (PID=839) to work on /opt/airflow/dags/provision_dw.py
[2025-06-14T00:01:30.197+0000] {processor.py:830} INFO - Processing file /opt/airflow/dags/provision_dw.py for tasks to queue
[2025-06-14T00:01:30.199+0000] {logging_mixin.py:188} INFO - [2025-06-14T00:01:30.198+0000] {dagbag.py:538} INFO - Filling up the DagBag from /opt/airflow/dags/provision_dw.py
[2025-06-14T00:01:30.217+0000] {processor.py:840} INFO - DAG(s) 'provision_dw' retrieved from /opt/airflow/dags/provision_dw.py
[2025-06-14T00:01:30.251+0000] {logging_mixin.py:188} INFO - [2025-06-14T00:01:30.250+0000] {dag.py:3036} INFO - Sync 1 DAGs
[2025-06-14T00:01:30.264+0000] {logging_mixin.py:188} INFO - [2025-06-14T00:01:30.264+0000] {dag.py:3823} INFO - Setting next_dagrun for provision_dw to None, run_after=None
[2025-06-14T00:01:30.288+0000] {processor.py:183} INFO - Processing /opt/airflow/dags/provision_dw.py took 0.100 seconds
[2025-06-14T00:02:00.489+0000] {processor.py:161} INFO - Started process (PID=842) to work on /opt/airflow/dags/provision_dw.py
[2025-06-14T00:02:00.491+0000] {processor.py:830} INFO - Processing file /opt/airflow/dags/provision_dw.py for tasks to queue
[2025-06-14T00:02:00.492+0000] {logging_mixin.py:188} INFO - [2025-06-14T00:02:00.492+0000] {dagbag.py:538} INFO - Filling up the DagBag from /opt/airflow/dags/provision_dw.py
[2025-06-14T00:02:00.509+0000] {processor.py:840} INFO - DAG(s) 'provision_dw' retrieved from /opt/airflow/dags/provision_dw.py
[2025-06-14T00:02:00.545+0000] {logging_mixin.py:188} INFO - [2025-06-14T00:02:00.545+0000] {dag.py:3036} INFO - Sync 1 DAGs
[2025-06-14T00:02:00.558+0000] {logging_mixin.py:188} INFO - [2025-06-14T00:02:00.558+0000] {dag.py:3823} INFO - Setting next_dagrun for provision_dw to None, run_after=None
[2025-06-14T00:02:00.582+0000] {processor.py:183} INFO - Processing /opt/airflow/dags/provision_dw.py took 0.104 seconds
[2025-06-14T00:02:30.752+0000] {processor.py:161} INFO - Started process (PID=845) to work on /opt/airflow/dags/provision_dw.py
[2025-06-14T00:02:30.753+0000] {processor.py:830} INFO - Processing file /opt/airflow/dags/provision_dw.py for tasks to queue
[2025-06-14T00:02:30.755+0000] {logging_mixin.py:188} INFO - [2025-06-14T00:02:30.754+0000] {dagbag.py:538} INFO - Filling up the DagBag from /opt/airflow/dags/provision_dw.py
[2025-06-14T00:02:30.767+0000] {processor.py:840} INFO - DAG(s) 'provision_dw' retrieved from /opt/airflow/dags/provision_dw.py
[2025-06-14T00:02:30.804+0000] {logging_mixin.py:188} INFO - [2025-06-14T00:02:30.804+0000] {dag.py:3036} INFO - Sync 1 DAGs
[2025-06-14T00:02:30.820+0000] {logging_mixin.py:188} INFO - [2025-06-14T00:02:30.819+0000] {dag.py:3823} INFO - Setting next_dagrun for provision_dw to None, run_after=None
[2025-06-14T00:02:30.858+0000] {processor.py:183} INFO - Processing /opt/airflow/dags/provision_dw.py took 0.114 seconds
[2025-06-14T00:03:01.016+0000] {processor.py:161} INFO - Started process (PID=848) to work on /opt/airflow/dags/provision_dw.py
[2025-06-14T00:03:01.019+0000] {processor.py:830} INFO - Processing file /opt/airflow/dags/provision_dw.py for tasks to queue
[2025-06-14T00:03:01.020+0000] {logging_mixin.py:188} INFO - [2025-06-14T00:03:01.019+0000] {dagbag.py:538} INFO - Filling up the DagBag from /opt/airflow/dags/provision_dw.py
[2025-06-14T00:03:01.033+0000] {processor.py:840} INFO - DAG(s) 'provision_dw' retrieved from /opt/airflow/dags/provision_dw.py
[2025-06-14T00:03:01.071+0000] {logging_mixin.py:188} INFO - [2025-06-14T00:03:01.071+0000] {dag.py:3036} INFO - Sync 1 DAGs
[2025-06-14T00:03:01.089+0000] {logging_mixin.py:188} INFO - [2025-06-14T00:03:01.089+0000] {dag.py:3823} INFO - Setting next_dagrun for provision_dw to None, run_after=None
[2025-06-14T00:03:01.116+0000] {processor.py:183} INFO - Processing /opt/airflow/dags/provision_dw.py took 0.106 seconds
[2025-06-14T00:03:31.307+0000] {processor.py:161} INFO - Started process (PID=851) to work on /opt/airflow/dags/provision_dw.py
[2025-06-14T00:03:31.308+0000] {processor.py:830} INFO - Processing file /opt/airflow/dags/provision_dw.py for tasks to queue
[2025-06-14T00:03:31.309+0000] {logging_mixin.py:188} INFO - [2025-06-14T00:03:31.309+0000] {dagbag.py:538} INFO - Filling up the DagBag from /opt/airflow/dags/provision_dw.py
[2025-06-14T00:03:31.320+0000] {processor.py:840} INFO - DAG(s) 'provision_dw' retrieved from /opt/airflow/dags/provision_dw.py
[2025-06-14T00:03:31.360+0000] {logging_mixin.py:188} INFO - [2025-06-14T00:03:31.359+0000] {dag.py:3036} INFO - Sync 1 DAGs
[2025-06-14T00:03:31.375+0000] {logging_mixin.py:188} INFO - [2025-06-14T00:03:31.375+0000] {dag.py:3823} INFO - Setting next_dagrun for provision_dw to None, run_after=None
[2025-06-14T00:03:31.402+0000] {processor.py:183} INFO - Processing /opt/airflow/dags/provision_dw.py took 0.100 seconds
[2025-06-14T00:04:01.557+0000] {processor.py:161} INFO - Started process (PID=854) to work on /opt/airflow/dags/provision_dw.py
[2025-06-14T00:04:01.559+0000] {processor.py:830} INFO - Processing file /opt/airflow/dags/provision_dw.py for tasks to queue
[2025-06-14T00:04:01.561+0000] {logging_mixin.py:188} INFO - [2025-06-14T00:04:01.560+0000] {dagbag.py:538} INFO - Filling up the DagBag from /opt/airflow/dags/provision_dw.py
[2025-06-14T00:04:01.582+0000] {processor.py:840} INFO - DAG(s) 'provision_dw' retrieved from /opt/airflow/dags/provision_dw.py
[2025-06-14T00:04:01.641+0000] {logging_mixin.py:188} INFO - [2025-06-14T00:04:01.641+0000] {dag.py:3036} INFO - Sync 1 DAGs
[2025-06-14T00:04:01.663+0000] {logging_mixin.py:188} INFO - [2025-06-14T00:04:01.663+0000] {dag.py:3823} INFO - Setting next_dagrun for provision_dw to None, run_after=None
[2025-06-14T00:04:01.688+0000] {processor.py:183} INFO - Processing /opt/airflow/dags/provision_dw.py took 0.135 seconds
[2025-06-14T00:04:31.838+0000] {processor.py:161} INFO - Started process (PID=857) to work on /opt/airflow/dags/provision_dw.py
[2025-06-14T00:04:31.851+0000] {processor.py:830} INFO - Processing file /opt/airflow/dags/provision_dw.py for tasks to queue
[2025-06-14T00:04:31.853+0000] {logging_mixin.py:188} INFO - [2025-06-14T00:04:31.852+0000] {dagbag.py:538} INFO - Filling up the DagBag from /opt/airflow/dags/provision_dw.py
[2025-06-14T00:04:31.866+0000] {processor.py:840} INFO - DAG(s) 'provision_dw' retrieved from /opt/airflow/dags/provision_dw.py
[2025-06-14T00:04:31.914+0000] {logging_mixin.py:188} INFO - [2025-06-14T00:04:31.914+0000] {dag.py:3036} INFO - Sync 1 DAGs
[2025-06-14T00:04:31.931+0000] {logging_mixin.py:188} INFO - [2025-06-14T00:04:31.931+0000] {dag.py:3823} INFO - Setting next_dagrun for provision_dw to None, run_after=None
[2025-06-14T00:04:31.966+0000] {processor.py:183} INFO - Processing /opt/airflow/dags/provision_dw.py took 0.133 seconds
[2025-06-14T00:05:02.146+0000] {processor.py:161} INFO - Started process (PID=860) to work on /opt/airflow/dags/provision_dw.py
[2025-06-14T00:05:02.148+0000] {processor.py:830} INFO - Processing file /opt/airflow/dags/provision_dw.py for tasks to queue
[2025-06-14T00:05:02.149+0000] {logging_mixin.py:188} INFO - [2025-06-14T00:05:02.149+0000] {dagbag.py:538} INFO - Filling up the DagBag from /opt/airflow/dags/provision_dw.py
[2025-06-14T00:05:02.163+0000] {processor.py:840} INFO - DAG(s) 'provision_dw' retrieved from /opt/airflow/dags/provision_dw.py
[2025-06-14T00:05:02.204+0000] {logging_mixin.py:188} INFO - [2025-06-14T00:05:02.203+0000] {dag.py:3036} INFO - Sync 1 DAGs
[2025-06-14T00:05:02.221+0000] {logging_mixin.py:188} INFO - [2025-06-14T00:05:02.218+0000] {dag.py:3823} INFO - Setting next_dagrun for provision_dw to None, run_after=None
[2025-06-14T00:05:02.248+0000] {processor.py:183} INFO - Processing /opt/airflow/dags/provision_dw.py took 0.106 seconds
[2025-06-14T00:05:32.421+0000] {processor.py:161} INFO - Started process (PID=863) to work on /opt/airflow/dags/provision_dw.py
[2025-06-14T00:05:32.423+0000] {processor.py:830} INFO - Processing file /opt/airflow/dags/provision_dw.py for tasks to queue
[2025-06-14T00:05:32.424+0000] {logging_mixin.py:188} INFO - [2025-06-14T00:05:32.423+0000] {dagbag.py:538} INFO - Filling up the DagBag from /opt/airflow/dags/provision_dw.py
[2025-06-14T00:05:32.437+0000] {processor.py:840} INFO - DAG(s) 'provision_dw' retrieved from /opt/airflow/dags/provision_dw.py
[2025-06-14T00:05:32.471+0000] {logging_mixin.py:188} INFO - [2025-06-14T00:05:32.470+0000] {dag.py:3036} INFO - Sync 1 DAGs
[2025-06-14T00:05:32.484+0000] {logging_mixin.py:188} INFO - [2025-06-14T00:05:32.483+0000] {dag.py:3823} INFO - Setting next_dagrun for provision_dw to None, run_after=None
[2025-06-14T00:05:32.508+0000] {processor.py:183} INFO - Processing /opt/airflow/dags/provision_dw.py took 0.092 seconds
[2025-06-14T00:06:02.646+0000] {processor.py:161} INFO - Started process (PID=865) to work on /opt/airflow/dags/provision_dw.py
[2025-06-14T00:06:02.647+0000] {processor.py:830} INFO - Processing file /opt/airflow/dags/provision_dw.py for tasks to queue
[2025-06-14T00:06:02.648+0000] {logging_mixin.py:188} INFO - [2025-06-14T00:06:02.648+0000] {dagbag.py:538} INFO - Filling up the DagBag from /opt/airflow/dags/provision_dw.py
[2025-06-14T00:06:02.712+0000] {processor.py:840} INFO - DAG(s) 'provision_dw' retrieved from /opt/airflow/dags/provision_dw.py
[2025-06-14T00:06:02.754+0000] {logging_mixin.py:188} INFO - [2025-06-14T00:06:02.754+0000] {dag.py:3036} INFO - Sync 1 DAGs
[2025-06-14T00:06:02.770+0000] {logging_mixin.py:188} INFO - [2025-06-14T00:06:02.770+0000] {dag.py:3823} INFO - Setting next_dagrun for provision_dw to None, run_after=None
[2025-06-14T00:06:02.794+0000] {processor.py:183} INFO - Processing /opt/airflow/dags/provision_dw.py took 0.174 seconds
[2025-06-14T00:06:32.956+0000] {processor.py:161} INFO - Started process (PID=867) to work on /opt/airflow/dags/provision_dw.py
[2025-06-14T00:06:32.958+0000] {processor.py:830} INFO - Processing file /opt/airflow/dags/provision_dw.py for tasks to queue
[2025-06-14T00:06:32.959+0000] {logging_mixin.py:188} INFO - [2025-06-14T00:06:32.959+0000] {dagbag.py:538} INFO - Filling up the DagBag from /opt/airflow/dags/provision_dw.py
[2025-06-14T00:06:32.970+0000] {processor.py:840} INFO - DAG(s) 'provision_dw' retrieved from /opt/airflow/dags/provision_dw.py
[2025-06-14T00:06:33.008+0000] {logging_mixin.py:188} INFO - [2025-06-14T00:06:33.007+0000] {dag.py:3036} INFO - Sync 1 DAGs
[2025-06-14T00:06:33.023+0000] {logging_mixin.py:188} INFO - [2025-06-14T00:06:33.023+0000] {dag.py:3823} INFO - Setting next_dagrun for provision_dw to None, run_after=None
[2025-06-14T00:06:33.054+0000] {processor.py:183} INFO - Processing /opt/airflow/dags/provision_dw.py took 0.102 seconds
[2025-06-14T00:07:03.211+0000] {processor.py:161} INFO - Started process (PID=884) to work on /opt/airflow/dags/provision_dw.py
[2025-06-14T00:07:03.212+0000] {processor.py:830} INFO - Processing file /opt/airflow/dags/provision_dw.py for tasks to queue
[2025-06-14T00:07:03.213+0000] {logging_mixin.py:188} INFO - [2025-06-14T00:07:03.213+0000] {dagbag.py:538} INFO - Filling up the DagBag from /opt/airflow/dags/provision_dw.py
[2025-06-14T00:07:03.226+0000] {processor.py:840} INFO - DAG(s) 'provision_dw' retrieved from /opt/airflow/dags/provision_dw.py
[2025-06-14T00:07:03.265+0000] {logging_mixin.py:188} INFO - [2025-06-14T00:07:03.265+0000] {dag.py:3036} INFO - Sync 1 DAGs
[2025-06-14T00:07:03.282+0000] {logging_mixin.py:188} INFO - [2025-06-14T00:07:03.281+0000] {dag.py:3823} INFO - Setting next_dagrun for provision_dw to None, run_after=None
[2025-06-14T00:07:03.307+0000] {processor.py:183} INFO - Processing /opt/airflow/dags/provision_dw.py took 0.100 seconds
