[2025-06-13T22:55:22.941+0000] {processor.py:161} INFO - Started process (PID=125) to work on /opt/airflow/dags/provision_dw.py
[2025-06-13T22:55:22.943+0000] {processor.py:830} INFO - Processing file /opt/airflow/dags/provision_dw.py for tasks to queue
[2025-06-13T22:55:22.944+0000] {logging_mixin.py:188} INFO - [2025-06-13T22:55:22.943+0000] {dagbag.py:538} INFO - Filling up the DagBag from /opt/airflow/dags/provision_dw.py
[2025-06-13T22:55:22.956+0000] {processor.py:840} INFO - DAG(s) 'provision_dw' retrieved from /opt/airflow/dags/provision_dw.py
[2025-06-13T22:55:23.099+0000] {logging_mixin.py:188} INFO - [2025-06-13T22:55:23.098+0000] {override.py:1769} INFO - Created Permission View: can delete on DAG:provision_dw
[2025-06-13T22:55:23.112+0000] {logging_mixin.py:188} INFO - [2025-06-13T22:55:23.111+0000] {override.py:1769} INFO - Created Permission View: can edit on DAG:provision_dw
[2025-06-13T22:55:23.121+0000] {logging_mixin.py:188} INFO - [2025-06-13T22:55:23.120+0000] {override.py:1769} INFO - Created Permission View: can read on DAG:provision_dw
[2025-06-13T22:55:23.121+0000] {logging_mixin.py:188} INFO - [2025-06-13T22:55:23.121+0000] {dag.py:3036} INFO - Sync 1 DAGs
[2025-06-13T22:55:23.135+0000] {logging_mixin.py:188} INFO - [2025-06-13T22:55:23.135+0000] {dag.py:3058} INFO - Creating ORM DAG for provision_dw
[2025-06-13T22:55:23.135+0000] {logging_mixin.py:188} INFO - [2025-06-13T22:55:23.135+0000] {dag.py:3823} INFO - Setting next_dagrun for provision_dw to None, run_after=None
[2025-06-13T22:55:23.156+0000] {processor.py:183} INFO - Processing /opt/airflow/dags/provision_dw.py took 0.219 seconds
[2025-06-13T22:55:53.336+0000] {processor.py:161} INFO - Started process (PID=149) to work on /opt/airflow/dags/provision_dw.py
[2025-06-13T22:55:53.339+0000] {processor.py:830} INFO - Processing file /opt/airflow/dags/provision_dw.py for tasks to queue
[2025-06-13T22:55:53.341+0000] {logging_mixin.py:188} INFO - [2025-06-13T22:55:53.340+0000] {dagbag.py:538} INFO - Filling up the DagBag from /opt/airflow/dags/provision_dw.py
[2025-06-13T22:55:53.353+0000] {processor.py:840} INFO - DAG(s) 'provision_dw' retrieved from /opt/airflow/dags/provision_dw.py
[2025-06-13T22:55:53.386+0000] {logging_mixin.py:188} INFO - [2025-06-13T22:55:53.386+0000] {dag.py:3036} INFO - Sync 1 DAGs
[2025-06-13T22:55:53.400+0000] {logging_mixin.py:188} INFO - [2025-06-13T22:55:53.400+0000] {dag.py:3823} INFO - Setting next_dagrun for provision_dw to None, run_after=None
[2025-06-13T22:55:53.425+0000] {processor.py:183} INFO - Processing /opt/airflow/dags/provision_dw.py took 0.094 seconds
[2025-06-13T22:56:23.606+0000] {processor.py:161} INFO - Started process (PID=152) to work on /opt/airflow/dags/provision_dw.py
[2025-06-13T22:56:23.610+0000] {processor.py:830} INFO - Processing file /opt/airflow/dags/provision_dw.py for tasks to queue
[2025-06-13T22:56:23.612+0000] {logging_mixin.py:188} INFO - [2025-06-13T22:56:23.611+0000] {dagbag.py:538} INFO - Filling up the DagBag from /opt/airflow/dags/provision_dw.py
[2025-06-13T22:56:23.622+0000] {processor.py:840} INFO - DAG(s) 'provision_dw' retrieved from /opt/airflow/dags/provision_dw.py
[2025-06-13T22:56:23.655+0000] {logging_mixin.py:188} INFO - [2025-06-13T22:56:23.654+0000] {dag.py:3036} INFO - Sync 1 DAGs
[2025-06-13T22:56:23.668+0000] {logging_mixin.py:188} INFO - [2025-06-13T22:56:23.668+0000] {dag.py:3823} INFO - Setting next_dagrun for provision_dw to None, run_after=None
[2025-06-13T22:56:23.689+0000] {processor.py:183} INFO - Processing /opt/airflow/dags/provision_dw.py took 0.087 seconds
[2025-06-13T22:56:53.846+0000] {processor.py:161} INFO - Started process (PID=157) to work on /opt/airflow/dags/provision_dw.py
[2025-06-13T22:56:53.851+0000] {processor.py:830} INFO - Processing file /opt/airflow/dags/provision_dw.py for tasks to queue
[2025-06-13T22:56:53.853+0000] {logging_mixin.py:188} INFO - [2025-06-13T22:56:53.852+0000] {dagbag.py:538} INFO - Filling up the DagBag from /opt/airflow/dags/provision_dw.py
[2025-06-13T22:56:53.877+0000] {processor.py:840} INFO - DAG(s) 'provision_dw' retrieved from /opt/airflow/dags/provision_dw.py
[2025-06-13T22:56:53.936+0000] {logging_mixin.py:188} INFO - [2025-06-13T22:56:53.934+0000] {dag.py:3036} INFO - Sync 1 DAGs
[2025-06-13T22:56:53.953+0000] {logging_mixin.py:188} INFO - [2025-06-13T22:56:53.950+0000] {dag.py:3823} INFO - Setting next_dagrun for provision_dw to None, run_after=None
[2025-06-13T22:56:53.994+0000] {processor.py:183} INFO - Processing /opt/airflow/dags/provision_dw.py took 0.152 seconds
[2025-06-13T22:57:24.135+0000] {processor.py:161} INFO - Started process (PID=179) to work on /opt/airflow/dags/provision_dw.py
[2025-06-13T22:57:24.138+0000] {processor.py:830} INFO - Processing file /opt/airflow/dags/provision_dw.py for tasks to queue
[2025-06-13T22:57:24.140+0000] {logging_mixin.py:188} INFO - [2025-06-13T22:57:24.139+0000] {dagbag.py:538} INFO - Filling up the DagBag from /opt/airflow/dags/provision_dw.py
[2025-06-13T22:57:24.161+0000] {processor.py:840} INFO - DAG(s) 'provision_dw' retrieved from /opt/airflow/dags/provision_dw.py
[2025-06-13T22:57:24.213+0000] {logging_mixin.py:188} INFO - [2025-06-13T22:57:24.212+0000] {dag.py:3036} INFO - Sync 1 DAGs
[2025-06-13T22:57:24.237+0000] {logging_mixin.py:188} INFO - [2025-06-13T22:57:24.236+0000] {dag.py:3823} INFO - Setting next_dagrun for provision_dw to None, run_after=None
[2025-06-13T22:57:24.267+0000] {processor.py:183} INFO - Processing /opt/airflow/dags/provision_dw.py took 0.138 seconds
[2025-06-13T22:57:54.437+0000] {processor.py:161} INFO - Started process (PID=203) to work on /opt/airflow/dags/provision_dw.py
[2025-06-13T22:57:54.439+0000] {processor.py:830} INFO - Processing file /opt/airflow/dags/provision_dw.py for tasks to queue
[2025-06-13T22:57:54.441+0000] {logging_mixin.py:188} INFO - [2025-06-13T22:57:54.440+0000] {dagbag.py:538} INFO - Filling up the DagBag from /opt/airflow/dags/provision_dw.py
[2025-06-13T22:57:54.456+0000] {processor.py:840} INFO - DAG(s) 'provision_dw' retrieved from /opt/airflow/dags/provision_dw.py
[2025-06-13T22:57:54.490+0000] {logging_mixin.py:188} INFO - [2025-06-13T22:57:54.490+0000] {dag.py:3036} INFO - Sync 1 DAGs
[2025-06-13T22:57:54.504+0000] {logging_mixin.py:188} INFO - [2025-06-13T22:57:54.503+0000] {dag.py:3823} INFO - Setting next_dagrun for provision_dw to None, run_after=None
[2025-06-13T22:57:54.526+0000] {processor.py:183} INFO - Processing /opt/airflow/dags/provision_dw.py took 0.094 seconds
[2025-06-13T22:58:24.677+0000] {processor.py:161} INFO - Started process (PID=206) to work on /opt/airflow/dags/provision_dw.py
[2025-06-13T22:58:24.679+0000] {processor.py:830} INFO - Processing file /opt/airflow/dags/provision_dw.py for tasks to queue
[2025-06-13T22:58:24.680+0000] {logging_mixin.py:188} INFO - [2025-06-13T22:58:24.680+0000] {dagbag.py:538} INFO - Filling up the DagBag from /opt/airflow/dags/provision_dw.py
[2025-06-13T22:58:24.693+0000] {processor.py:840} INFO - DAG(s) 'provision_dw' retrieved from /opt/airflow/dags/provision_dw.py
[2025-06-13T22:58:24.729+0000] {logging_mixin.py:188} INFO - [2025-06-13T22:58:24.729+0000] {dag.py:3036} INFO - Sync 1 DAGs
[2025-06-13T22:58:24.745+0000] {logging_mixin.py:188} INFO - [2025-06-13T22:58:24.745+0000] {dag.py:3823} INFO - Setting next_dagrun for provision_dw to None, run_after=None
[2025-06-13T22:58:24.771+0000] {processor.py:183} INFO - Processing /opt/airflow/dags/provision_dw.py took 0.098 seconds
[2025-06-13T22:58:54.944+0000] {processor.py:161} INFO - Started process (PID=209) to work on /opt/airflow/dags/provision_dw.py
[2025-06-13T22:58:54.946+0000] {processor.py:830} INFO - Processing file /opt/airflow/dags/provision_dw.py for tasks to queue
[2025-06-13T22:58:54.947+0000] {logging_mixin.py:188} INFO - [2025-06-13T22:58:54.946+0000] {dagbag.py:538} INFO - Filling up the DagBag from /opt/airflow/dags/provision_dw.py
[2025-06-13T22:58:54.960+0000] {processor.py:840} INFO - DAG(s) 'provision_dw' retrieved from /opt/airflow/dags/provision_dw.py
[2025-06-13T22:58:54.998+0000] {logging_mixin.py:188} INFO - [2025-06-13T22:58:54.998+0000] {dag.py:3036} INFO - Sync 1 DAGs
[2025-06-13T22:58:55.017+0000] {logging_mixin.py:188} INFO - [2025-06-13T22:58:55.016+0000] {dag.py:3823} INFO - Setting next_dagrun for provision_dw to None, run_after=None
[2025-06-13T22:58:55.047+0000] {processor.py:183} INFO - Processing /opt/airflow/dags/provision_dw.py took 0.107 seconds
[2025-06-13T22:59:25.211+0000] {processor.py:161} INFO - Started process (PID=233) to work on /opt/airflow/dags/provision_dw.py
[2025-06-13T22:59:25.214+0000] {processor.py:830} INFO - Processing file /opt/airflow/dags/provision_dw.py for tasks to queue
[2025-06-13T22:59:25.215+0000] {logging_mixin.py:188} INFO - [2025-06-13T22:59:25.214+0000] {dagbag.py:538} INFO - Filling up the DagBag from /opt/airflow/dags/provision_dw.py
[2025-06-13T22:59:25.231+0000] {processor.py:840} INFO - DAG(s) 'provision_dw' retrieved from /opt/airflow/dags/provision_dw.py
[2025-06-13T22:59:25.279+0000] {logging_mixin.py:188} INFO - [2025-06-13T22:59:25.278+0000] {dag.py:3036} INFO - Sync 1 DAGs
[2025-06-13T22:59:25.294+0000] {logging_mixin.py:188} INFO - [2025-06-13T22:59:25.293+0000] {dag.py:3823} INFO - Setting next_dagrun for provision_dw to None, run_after=None
[2025-06-13T22:59:25.320+0000] {processor.py:183} INFO - Processing /opt/airflow/dags/provision_dw.py took 0.115 seconds
[2025-06-13T22:59:55.473+0000] {processor.py:161} INFO - Started process (PID=257) to work on /opt/airflow/dags/provision_dw.py
[2025-06-13T22:59:55.474+0000] {processor.py:830} INFO - Processing file /opt/airflow/dags/provision_dw.py for tasks to queue
[2025-06-13T22:59:55.475+0000] {logging_mixin.py:188} INFO - [2025-06-13T22:59:55.474+0000] {dagbag.py:538} INFO - Filling up the DagBag from /opt/airflow/dags/provision_dw.py
[2025-06-13T22:59:55.487+0000] {processor.py:840} INFO - DAG(s) 'provision_dw' retrieved from /opt/airflow/dags/provision_dw.py
[2025-06-13T22:59:55.525+0000] {logging_mixin.py:188} INFO - [2025-06-13T22:59:55.525+0000] {dag.py:3036} INFO - Sync 1 DAGs
[2025-06-13T22:59:55.541+0000] {logging_mixin.py:188} INFO - [2025-06-13T22:59:55.541+0000] {dag.py:3823} INFO - Setting next_dagrun for provision_dw to None, run_after=None
[2025-06-13T22:59:55.566+0000] {processor.py:183} INFO - Processing /opt/airflow/dags/provision_dw.py took 0.098 seconds
[2025-06-13T23:00:25.741+0000] {processor.py:161} INFO - Started process (PID=260) to work on /opt/airflow/dags/provision_dw.py
[2025-06-13T23:00:25.743+0000] {processor.py:830} INFO - Processing file /opt/airflow/dags/provision_dw.py for tasks to queue
[2025-06-13T23:00:25.744+0000] {logging_mixin.py:188} INFO - [2025-06-13T23:00:25.744+0000] {dagbag.py:538} INFO - Filling up the DagBag from /opt/airflow/dags/provision_dw.py
[2025-06-13T23:00:25.755+0000] {processor.py:840} INFO - DAG(s) 'provision_dw' retrieved from /opt/airflow/dags/provision_dw.py
[2025-06-13T23:00:25.794+0000] {logging_mixin.py:188} INFO - [2025-06-13T23:00:25.794+0000] {dag.py:3036} INFO - Sync 1 DAGs
[2025-06-13T23:00:25.810+0000] {logging_mixin.py:188} INFO - [2025-06-13T23:00:25.810+0000] {dag.py:3823} INFO - Setting next_dagrun for provision_dw to None, run_after=None
[2025-06-13T23:00:25.849+0000] {processor.py:183} INFO - Processing /opt/airflow/dags/provision_dw.py took 0.114 seconds
[2025-06-13T23:00:56.050+0000] {processor.py:161} INFO - Started process (PID=263) to work on /opt/airflow/dags/provision_dw.py
[2025-06-13T23:00:56.065+0000] {processor.py:830} INFO - Processing file /opt/airflow/dags/provision_dw.py for tasks to queue
[2025-06-13T23:00:56.067+0000] {logging_mixin.py:188} INFO - [2025-06-13T23:00:56.066+0000] {dagbag.py:538} INFO - Filling up the DagBag from /opt/airflow/dags/provision_dw.py
[2025-06-13T23:00:56.084+0000] {processor.py:840} INFO - DAG(s) 'provision_dw' retrieved from /opt/airflow/dags/provision_dw.py
[2025-06-13T23:00:56.124+0000] {logging_mixin.py:188} INFO - [2025-06-13T23:00:56.124+0000] {dag.py:3036} INFO - Sync 1 DAGs
[2025-06-13T23:00:56.138+0000] {logging_mixin.py:188} INFO - [2025-06-13T23:00:56.137+0000] {dag.py:3823} INFO - Setting next_dagrun for provision_dw to None, run_after=None
[2025-06-13T23:00:56.160+0000] {processor.py:183} INFO - Processing /opt/airflow/dags/provision_dw.py took 0.126 seconds
[2025-06-13T23:01:26.336+0000] {processor.py:161} INFO - Started process (PID=273) to work on /opt/airflow/dags/provision_dw.py
[2025-06-13T23:01:26.337+0000] {processor.py:830} INFO - Processing file /opt/airflow/dags/provision_dw.py for tasks to queue
[2025-06-13T23:01:26.338+0000] {logging_mixin.py:188} INFO - [2025-06-13T23:01:26.338+0000] {dagbag.py:538} INFO - Filling up the DagBag from /opt/airflow/dags/provision_dw.py
[2025-06-13T23:01:26.349+0000] {processor.py:840} INFO - DAG(s) 'provision_dw' retrieved from /opt/airflow/dags/provision_dw.py
[2025-06-13T23:01:26.384+0000] {logging_mixin.py:188} INFO - [2025-06-13T23:01:26.384+0000] {dag.py:3036} INFO - Sync 1 DAGs
[2025-06-13T23:01:26.398+0000] {logging_mixin.py:188} INFO - [2025-06-13T23:01:26.398+0000] {dag.py:3823} INFO - Setting next_dagrun for provision_dw to None, run_after=None
[2025-06-13T23:01:26.423+0000] {processor.py:183} INFO - Processing /opt/airflow/dags/provision_dw.py took 0.092 seconds
[2025-06-13T23:01:56.565+0000] {processor.py:161} INFO - Started process (PID=276) to work on /opt/airflow/dags/provision_dw.py
[2025-06-13T23:01:56.566+0000] {processor.py:830} INFO - Processing file /opt/airflow/dags/provision_dw.py for tasks to queue
[2025-06-13T23:01:56.568+0000] {logging_mixin.py:188} INFO - [2025-06-13T23:01:56.567+0000] {dagbag.py:538} INFO - Filling up the DagBag from /opt/airflow/dags/provision_dw.py
[2025-06-13T23:01:56.583+0000] {processor.py:840} INFO - DAG(s) 'provision_dw' retrieved from /opt/airflow/dags/provision_dw.py
[2025-06-13T23:01:56.623+0000] {logging_mixin.py:188} INFO - [2025-06-13T23:01:56.622+0000] {dag.py:3036} INFO - Sync 1 DAGs
[2025-06-13T23:01:56.639+0000] {logging_mixin.py:188} INFO - [2025-06-13T23:01:56.638+0000] {dag.py:3823} INFO - Setting next_dagrun for provision_dw to None, run_after=None
[2025-06-13T23:01:56.668+0000] {processor.py:183} INFO - Processing /opt/airflow/dags/provision_dw.py took 0.108 seconds
[2025-06-13T23:02:26.827+0000] {processor.py:161} INFO - Started process (PID=293) to work on /opt/airflow/dags/provision_dw.py
[2025-06-13T23:02:26.828+0000] {processor.py:830} INFO - Processing file /opt/airflow/dags/provision_dw.py for tasks to queue
[2025-06-13T23:02:26.829+0000] {logging_mixin.py:188} INFO - [2025-06-13T23:02:26.828+0000] {dagbag.py:538} INFO - Filling up the DagBag from /opt/airflow/dags/provision_dw.py
[2025-06-13T23:02:26.843+0000] {processor.py:840} INFO - DAG(s) 'provision_dw' retrieved from /opt/airflow/dags/provision_dw.py
[2025-06-13T23:02:26.895+0000] {logging_mixin.py:188} INFO - [2025-06-13T23:02:26.895+0000] {dag.py:3036} INFO - Sync 1 DAGs
[2025-06-13T23:02:26.921+0000] {logging_mixin.py:188} INFO - [2025-06-13T23:02:26.921+0000] {dag.py:3823} INFO - Setting next_dagrun for provision_dw to None, run_after=None
[2025-06-13T23:02:26.961+0000] {processor.py:183} INFO - Processing /opt/airflow/dags/provision_dw.py took 0.138 seconds
[2025-06-13T23:02:57.116+0000] {processor.py:161} INFO - Started process (PID=296) to work on /opt/airflow/dags/provision_dw.py
[2025-06-13T23:02:57.117+0000] {processor.py:830} INFO - Processing file /opt/airflow/dags/provision_dw.py for tasks to queue
[2025-06-13T23:02:57.118+0000] {logging_mixin.py:188} INFO - [2025-06-13T23:02:57.118+0000] {dagbag.py:538} INFO - Filling up the DagBag from /opt/airflow/dags/provision_dw.py
[2025-06-13T23:02:57.129+0000] {processor.py:840} INFO - DAG(s) 'provision_dw' retrieved from /opt/airflow/dags/provision_dw.py
[2025-06-13T23:02:57.164+0000] {logging_mixin.py:188} INFO - [2025-06-13T23:02:57.164+0000] {dag.py:3036} INFO - Sync 1 DAGs
[2025-06-13T23:02:57.178+0000] {logging_mixin.py:188} INFO - [2025-06-13T23:02:57.178+0000] {dag.py:3823} INFO - Setting next_dagrun for provision_dw to None, run_after=None
[2025-06-13T23:02:57.204+0000] {processor.py:183} INFO - Processing /opt/airflow/dags/provision_dw.py took 0.092 seconds
[2025-06-13T23:03:27.413+0000] {processor.py:161} INFO - Started process (PID=313) to work on /opt/airflow/dags/provision_dw.py
[2025-06-13T23:03:27.414+0000] {processor.py:830} INFO - Processing file /opt/airflow/dags/provision_dw.py for tasks to queue
[2025-06-13T23:03:27.416+0000] {logging_mixin.py:188} INFO - [2025-06-13T23:03:27.415+0000] {dagbag.py:538} INFO - Filling up the DagBag from /opt/airflow/dags/provision_dw.py
[2025-06-13T23:03:27.433+0000] {processor.py:840} INFO - DAG(s) 'provision_dw' retrieved from /opt/airflow/dags/provision_dw.py
[2025-06-13T23:03:27.468+0000] {logging_mixin.py:188} INFO - [2025-06-13T23:03:27.468+0000] {dag.py:3036} INFO - Sync 1 DAGs
[2025-06-13T23:03:27.483+0000] {logging_mixin.py:188} INFO - [2025-06-13T23:03:27.483+0000] {dag.py:3823} INFO - Setting next_dagrun for provision_dw to None, run_after=None
[2025-06-13T23:03:27.508+0000] {processor.py:183} INFO - Processing /opt/airflow/dags/provision_dw.py took 0.106 seconds
[2025-06-13T23:03:57.561+0000] {processor.py:161} INFO - Started process (PID=342) to work on /opt/airflow/dags/provision_dw.py
[2025-06-13T23:03:57.563+0000] {processor.py:830} INFO - Processing file /opt/airflow/dags/provision_dw.py for tasks to queue
[2025-06-13T23:03:57.564+0000] {logging_mixin.py:188} INFO - [2025-06-13T23:03:57.564+0000] {dagbag.py:538} INFO - Filling up the DagBag from /opt/airflow/dags/provision_dw.py
[2025-06-13T23:03:57.585+0000] {processor.py:840} INFO - DAG(s) 'provision_dw' retrieved from /opt/airflow/dags/provision_dw.py
[2025-06-13T23:03:57.636+0000] {logging_mixin.py:188} INFO - [2025-06-13T23:03:57.636+0000] {dag.py:3036} INFO - Sync 1 DAGs
[2025-06-13T23:03:57.656+0000] {logging_mixin.py:188} INFO - [2025-06-13T23:03:57.655+0000] {dag.py:3823} INFO - Setting next_dagrun for provision_dw to None, run_after=None
[2025-06-13T23:03:57.681+0000] {processor.py:183} INFO - Processing /opt/airflow/dags/provision_dw.py took 0.133 seconds
[2025-06-13T23:04:27.885+0000] {processor.py:161} INFO - Started process (PID=345) to work on /opt/airflow/dags/provision_dw.py
[2025-06-13T23:04:27.886+0000] {processor.py:830} INFO - Processing file /opt/airflow/dags/provision_dw.py for tasks to queue
[2025-06-13T23:04:27.888+0000] {logging_mixin.py:188} INFO - [2025-06-13T23:04:27.887+0000] {dagbag.py:538} INFO - Filling up the DagBag from /opt/airflow/dags/provision_dw.py
[2025-06-13T23:04:27.899+0000] {processor.py:840} INFO - DAG(s) 'provision_dw' retrieved from /opt/airflow/dags/provision_dw.py
[2025-06-13T23:04:27.936+0000] {logging_mixin.py:188} INFO - [2025-06-13T23:04:27.936+0000] {dag.py:3036} INFO - Sync 1 DAGs
[2025-06-13T23:04:27.952+0000] {logging_mixin.py:188} INFO - [2025-06-13T23:04:27.951+0000] {dag.py:3823} INFO - Setting next_dagrun for provision_dw to None, run_after=None
[2025-06-13T23:04:27.977+0000] {processor.py:183} INFO - Processing /opt/airflow/dags/provision_dw.py took 0.096 seconds
[2025-06-13T23:04:58.132+0000] {processor.py:161} INFO - Started process (PID=369) to work on /opt/airflow/dags/provision_dw.py
[2025-06-13T23:04:58.133+0000] {processor.py:830} INFO - Processing file /opt/airflow/dags/provision_dw.py for tasks to queue
[2025-06-13T23:04:58.134+0000] {logging_mixin.py:188} INFO - [2025-06-13T23:04:58.134+0000] {dagbag.py:538} INFO - Filling up the DagBag from /opt/airflow/dags/provision_dw.py
[2025-06-13T23:04:58.145+0000] {processor.py:840} INFO - DAG(s) 'provision_dw' retrieved from /opt/airflow/dags/provision_dw.py
[2025-06-13T23:04:58.180+0000] {logging_mixin.py:188} INFO - [2025-06-13T23:04:58.180+0000] {dag.py:3036} INFO - Sync 1 DAGs
[2025-06-13T23:04:58.194+0000] {logging_mixin.py:188} INFO - [2025-06-13T23:04:58.193+0000] {dag.py:3823} INFO - Setting next_dagrun for provision_dw to None, run_after=None
[2025-06-13T23:04:58.217+0000] {processor.py:183} INFO - Processing /opt/airflow/dags/provision_dw.py took 0.089 seconds
[2025-06-13T23:05:28.399+0000] {processor.py:161} INFO - Started process (PID=391) to work on /opt/airflow/dags/provision_dw.py
[2025-06-13T23:05:28.400+0000] {processor.py:830} INFO - Processing file /opt/airflow/dags/provision_dw.py for tasks to queue
[2025-06-13T23:05:28.402+0000] {logging_mixin.py:188} INFO - [2025-06-13T23:05:28.401+0000] {dagbag.py:538} INFO - Filling up the DagBag from /opt/airflow/dags/provision_dw.py
[2025-06-13T23:05:28.417+0000] {processor.py:840} INFO - DAG(s) 'provision_dw' retrieved from /opt/airflow/dags/provision_dw.py
[2025-06-13T23:05:28.463+0000] {logging_mixin.py:188} INFO - [2025-06-13T23:05:28.462+0000] {dag.py:3036} INFO - Sync 1 DAGs
[2025-06-13T23:05:28.488+0000] {logging_mixin.py:188} INFO - [2025-06-13T23:05:28.487+0000] {dag.py:3823} INFO - Setting next_dagrun for provision_dw to None, run_after=None
[2025-06-13T23:05:28.539+0000] {processor.py:183} INFO - Processing /opt/airflow/dags/provision_dw.py took 0.144 seconds
[2025-06-13T23:05:58.725+0000] {processor.py:161} INFO - Started process (PID=396) to work on /opt/airflow/dags/provision_dw.py
[2025-06-13T23:05:58.728+0000] {processor.py:830} INFO - Processing file /opt/airflow/dags/provision_dw.py for tasks to queue
[2025-06-13T23:05:58.730+0000] {logging_mixin.py:188} INFO - [2025-06-13T23:05:58.729+0000] {dagbag.py:538} INFO - Filling up the DagBag from /opt/airflow/dags/provision_dw.py
[2025-06-13T23:05:58.747+0000] {processor.py:840} INFO - DAG(s) 'provision_dw' retrieved from /opt/airflow/dags/provision_dw.py
[2025-06-13T23:05:58.804+0000] {logging_mixin.py:188} INFO - [2025-06-13T23:05:58.803+0000] {dag.py:3036} INFO - Sync 1 DAGs
[2025-06-13T23:05:58.823+0000] {logging_mixin.py:188} INFO - [2025-06-13T23:05:58.822+0000] {dag.py:3823} INFO - Setting next_dagrun for provision_dw to None, run_after=None
[2025-06-13T23:05:58.850+0000] {processor.py:183} INFO - Processing /opt/airflow/dags/provision_dw.py took 0.133 seconds
[2025-06-13T23:06:29.060+0000] {processor.py:161} INFO - Started process (PID=399) to work on /opt/airflow/dags/provision_dw.py
[2025-06-13T23:06:29.063+0000] {processor.py:830} INFO - Processing file /opt/airflow/dags/provision_dw.py for tasks to queue
[2025-06-13T23:06:29.065+0000] {logging_mixin.py:188} INFO - [2025-06-13T23:06:29.064+0000] {dagbag.py:538} INFO - Filling up the DagBag from /opt/airflow/dags/provision_dw.py
[2025-06-13T23:06:29.085+0000] {processor.py:840} INFO - DAG(s) 'provision_dw' retrieved from /opt/airflow/dags/provision_dw.py
[2025-06-13T23:06:29.123+0000] {logging_mixin.py:188} INFO - [2025-06-13T23:06:29.123+0000] {dag.py:3036} INFO - Sync 1 DAGs
[2025-06-13T23:06:29.143+0000] {logging_mixin.py:188} INFO - [2025-06-13T23:06:29.142+0000] {dag.py:3823} INFO - Setting next_dagrun for provision_dw to None, run_after=None
[2025-06-13T23:06:29.176+0000] {processor.py:183} INFO - Processing /opt/airflow/dags/provision_dw.py took 0.127 seconds
[2025-06-13T23:06:59.352+0000] {processor.py:161} INFO - Started process (PID=402) to work on /opt/airflow/dags/provision_dw.py
[2025-06-13T23:06:59.354+0000] {processor.py:830} INFO - Processing file /opt/airflow/dags/provision_dw.py for tasks to queue
[2025-06-13T23:06:59.355+0000] {logging_mixin.py:188} INFO - [2025-06-13T23:06:59.354+0000] {dagbag.py:538} INFO - Filling up the DagBag from /opt/airflow/dags/provision_dw.py
[2025-06-13T23:06:59.366+0000] {processor.py:840} INFO - DAG(s) 'provision_dw' retrieved from /opt/airflow/dags/provision_dw.py
[2025-06-13T23:06:59.407+0000] {logging_mixin.py:188} INFO - [2025-06-13T23:06:59.405+0000] {dag.py:3036} INFO - Sync 1 DAGs
[2025-06-13T23:06:59.423+0000] {logging_mixin.py:188} INFO - [2025-06-13T23:06:59.422+0000] {dag.py:3823} INFO - Setting next_dagrun for provision_dw to None, run_after=None
[2025-06-13T23:06:59.452+0000] {processor.py:183} INFO - Processing /opt/airflow/dags/provision_dw.py took 0.104 seconds
[2025-06-13T23:07:29.666+0000] {processor.py:161} INFO - Started process (PID=405) to work on /opt/airflow/dags/provision_dw.py
[2025-06-13T23:07:29.669+0000] {processor.py:830} INFO - Processing file /opt/airflow/dags/provision_dw.py for tasks to queue
[2025-06-13T23:07:29.672+0000] {logging_mixin.py:188} INFO - [2025-06-13T23:07:29.671+0000] {dagbag.py:538} INFO - Filling up the DagBag from /opt/airflow/dags/provision_dw.py
[2025-06-13T23:07:29.688+0000] {processor.py:840} INFO - DAG(s) 'provision_dw' retrieved from /opt/airflow/dags/provision_dw.py
[2025-06-13T23:07:29.725+0000] {logging_mixin.py:188} INFO - [2025-06-13T23:07:29.725+0000] {dag.py:3036} INFO - Sync 1 DAGs
[2025-06-13T23:07:29.740+0000] {logging_mixin.py:188} INFO - [2025-06-13T23:07:29.740+0000] {dag.py:3823} INFO - Setting next_dagrun for provision_dw to None, run_after=None
[2025-06-13T23:07:29.763+0000] {processor.py:183} INFO - Processing /opt/airflow/dags/provision_dw.py took 0.107 seconds
[2025-06-13T23:07:59.957+0000] {processor.py:161} INFO - Started process (PID=408) to work on /opt/airflow/dags/provision_dw.py
[2025-06-13T23:07:59.959+0000] {processor.py:830} INFO - Processing file /opt/airflow/dags/provision_dw.py for tasks to queue
[2025-06-13T23:07:59.961+0000] {logging_mixin.py:188} INFO - [2025-06-13T23:07:59.960+0000] {dagbag.py:538} INFO - Filling up the DagBag from /opt/airflow/dags/provision_dw.py
[2025-06-13T23:07:59.977+0000] {processor.py:840} INFO - DAG(s) 'provision_dw' retrieved from /opt/airflow/dags/provision_dw.py
[2025-06-13T23:08:00.015+0000] {logging_mixin.py:188} INFO - [2025-06-13T23:08:00.015+0000] {dag.py:3036} INFO - Sync 1 DAGs
[2025-06-13T23:08:00.030+0000] {logging_mixin.py:188} INFO - [2025-06-13T23:08:00.030+0000] {dag.py:3823} INFO - Setting next_dagrun for provision_dw to None, run_after=None
[2025-06-13T23:08:00.052+0000] {processor.py:183} INFO - Processing /opt/airflow/dags/provision_dw.py took 0.101 seconds
[2025-06-13T23:08:30.235+0000] {processor.py:161} INFO - Started process (PID=411) to work on /opt/airflow/dags/provision_dw.py
[2025-06-13T23:08:30.237+0000] {processor.py:830} INFO - Processing file /opt/airflow/dags/provision_dw.py for tasks to queue
[2025-06-13T23:08:30.238+0000] {logging_mixin.py:188} INFO - [2025-06-13T23:08:30.238+0000] {dagbag.py:538} INFO - Filling up the DagBag from /opt/airflow/dags/provision_dw.py
[2025-06-13T23:08:30.250+0000] {processor.py:840} INFO - DAG(s) 'provision_dw' retrieved from /opt/airflow/dags/provision_dw.py
[2025-06-13T23:08:30.288+0000] {logging_mixin.py:188} INFO - [2025-06-13T23:08:30.288+0000] {dag.py:3036} INFO - Sync 1 DAGs
[2025-06-13T23:08:30.302+0000] {logging_mixin.py:188} INFO - [2025-06-13T23:08:30.302+0000] {dag.py:3823} INFO - Setting next_dagrun for provision_dw to None, run_after=None
[2025-06-13T23:08:30.329+0000] {processor.py:183} INFO - Processing /opt/airflow/dags/provision_dw.py took 0.098 seconds
[2025-06-13T23:09:00.515+0000] {processor.py:161} INFO - Started process (PID=414) to work on /opt/airflow/dags/provision_dw.py
[2025-06-13T23:09:00.517+0000] {processor.py:830} INFO - Processing file /opt/airflow/dags/provision_dw.py for tasks to queue
[2025-06-13T23:09:00.519+0000] {logging_mixin.py:188} INFO - [2025-06-13T23:09:00.518+0000] {dagbag.py:538} INFO - Filling up the DagBag from /opt/airflow/dags/provision_dw.py
[2025-06-13T23:09:00.532+0000] {processor.py:840} INFO - DAG(s) 'provision_dw' retrieved from /opt/airflow/dags/provision_dw.py
[2025-06-13T23:09:00.571+0000] {logging_mixin.py:188} INFO - [2025-06-13T23:09:00.571+0000] {dag.py:3036} INFO - Sync 1 DAGs
[2025-06-13T23:09:00.586+0000] {logging_mixin.py:188} INFO - [2025-06-13T23:09:00.586+0000] {dag.py:3823} INFO - Setting next_dagrun for provision_dw to None, run_after=None
[2025-06-13T23:09:00.607+0000] {processor.py:183} INFO - Processing /opt/airflow/dags/provision_dw.py took 0.096 seconds
[2025-06-13T23:09:30.784+0000] {processor.py:161} INFO - Started process (PID=417) to work on /opt/airflow/dags/provision_dw.py
[2025-06-13T23:09:30.787+0000] {processor.py:830} INFO - Processing file /opt/airflow/dags/provision_dw.py for tasks to queue
[2025-06-13T23:09:30.788+0000] {logging_mixin.py:188} INFO - [2025-06-13T23:09:30.788+0000] {dagbag.py:538} INFO - Filling up the DagBag from /opt/airflow/dags/provision_dw.py
[2025-06-13T23:09:30.801+0000] {processor.py:840} INFO - DAG(s) 'provision_dw' retrieved from /opt/airflow/dags/provision_dw.py
[2025-06-13T23:09:30.840+0000] {logging_mixin.py:188} INFO - [2025-06-13T23:09:30.840+0000] {dag.py:3036} INFO - Sync 1 DAGs
[2025-06-13T23:09:30.875+0000] {logging_mixin.py:188} INFO - [2025-06-13T23:09:30.875+0000] {dag.py:3823} INFO - Setting next_dagrun for provision_dw to None, run_after=None
[2025-06-13T23:09:30.900+0000] {processor.py:183} INFO - Processing /opt/airflow/dags/provision_dw.py took 0.123 seconds
[2025-06-13T23:10:01.068+0000] {processor.py:161} INFO - Started process (PID=420) to work on /opt/airflow/dags/provision_dw.py
[2025-06-13T23:10:01.074+0000] {processor.py:830} INFO - Processing file /opt/airflow/dags/provision_dw.py for tasks to queue
[2025-06-13T23:10:01.075+0000] {logging_mixin.py:188} INFO - [2025-06-13T23:10:01.075+0000] {dagbag.py:538} INFO - Filling up the DagBag from /opt/airflow/dags/provision_dw.py
[2025-06-13T23:10:01.096+0000] {processor.py:840} INFO - DAG(s) 'provision_dw' retrieved from /opt/airflow/dags/provision_dw.py
[2025-06-13T23:10:01.143+0000] {logging_mixin.py:188} INFO - [2025-06-13T23:10:01.143+0000] {dag.py:3036} INFO - Sync 1 DAGs
[2025-06-13T23:10:01.164+0000] {logging_mixin.py:188} INFO - [2025-06-13T23:10:01.164+0000] {dag.py:3823} INFO - Setting next_dagrun for provision_dw to None, run_after=None
[2025-06-13T23:10:01.193+0000] {processor.py:183} INFO - Processing /opt/airflow/dags/provision_dw.py took 0.135 seconds
[2025-06-13T23:10:31.389+0000] {processor.py:161} INFO - Started process (PID=423) to work on /opt/airflow/dags/provision_dw.py
[2025-06-13T23:10:31.391+0000] {processor.py:830} INFO - Processing file /opt/airflow/dags/provision_dw.py for tasks to queue
[2025-06-13T23:10:31.392+0000] {logging_mixin.py:188} INFO - [2025-06-13T23:10:31.391+0000] {dagbag.py:538} INFO - Filling up the DagBag from /opt/airflow/dags/provision_dw.py
[2025-06-13T23:10:31.404+0000] {processor.py:840} INFO - DAG(s) 'provision_dw' retrieved from /opt/airflow/dags/provision_dw.py
[2025-06-13T23:10:31.451+0000] {logging_mixin.py:188} INFO - [2025-06-13T23:10:31.450+0000] {dag.py:3036} INFO - Sync 1 DAGs
[2025-06-13T23:10:31.466+0000] {logging_mixin.py:188} INFO - [2025-06-13T23:10:31.466+0000] {dag.py:3823} INFO - Setting next_dagrun for provision_dw to None, run_after=None
[2025-06-13T23:10:31.495+0000] {processor.py:183} INFO - Processing /opt/airflow/dags/provision_dw.py took 0.112 seconds
[2025-06-13T23:11:01.679+0000] {processor.py:161} INFO - Started process (PID=426) to work on /opt/airflow/dags/provision_dw.py
[2025-06-13T23:11:01.682+0000] {processor.py:830} INFO - Processing file /opt/airflow/dags/provision_dw.py for tasks to queue
[2025-06-13T23:11:01.684+0000] {logging_mixin.py:188} INFO - [2025-06-13T23:11:01.684+0000] {dagbag.py:538} INFO - Filling up the DagBag from /opt/airflow/dags/provision_dw.py
[2025-06-13T23:11:01.710+0000] {processor.py:840} INFO - DAG(s) 'provision_dw' retrieved from /opt/airflow/dags/provision_dw.py
[2025-06-13T23:11:01.751+0000] {logging_mixin.py:188} INFO - [2025-06-13T23:11:01.750+0000] {dag.py:3036} INFO - Sync 1 DAGs
[2025-06-13T23:11:01.768+0000] {logging_mixin.py:188} INFO - [2025-06-13T23:11:01.768+0000] {dag.py:3823} INFO - Setting next_dagrun for provision_dw to None, run_after=None
[2025-06-13T23:11:01.789+0000] {processor.py:183} INFO - Processing /opt/airflow/dags/provision_dw.py took 0.120 seconds
[2025-06-13T23:11:31.978+0000] {processor.py:161} INFO - Started process (PID=429) to work on /opt/airflow/dags/provision_dw.py
[2025-06-13T23:11:31.981+0000] {processor.py:830} INFO - Processing file /opt/airflow/dags/provision_dw.py for tasks to queue
[2025-06-13T23:11:31.982+0000] {logging_mixin.py:188} INFO - [2025-06-13T23:11:31.981+0000] {dagbag.py:538} INFO - Filling up the DagBag from /opt/airflow/dags/provision_dw.py
[2025-06-13T23:11:31.995+0000] {processor.py:840} INFO - DAG(s) 'provision_dw' retrieved from /opt/airflow/dags/provision_dw.py
[2025-06-13T23:11:32.035+0000] {logging_mixin.py:188} INFO - [2025-06-13T23:11:32.035+0000] {dag.py:3036} INFO - Sync 1 DAGs
[2025-06-13T23:11:32.050+0000] {logging_mixin.py:188} INFO - [2025-06-13T23:11:32.050+0000] {dag.py:3823} INFO - Setting next_dagrun for provision_dw to None, run_after=None
[2025-06-13T23:11:32.089+0000] {processor.py:183} INFO - Processing /opt/airflow/dags/provision_dw.py took 0.116 seconds
[2025-06-13T23:12:02.270+0000] {processor.py:161} INFO - Started process (PID=432) to work on /opt/airflow/dags/provision_dw.py
[2025-06-13T23:12:02.272+0000] {processor.py:830} INFO - Processing file /opt/airflow/dags/provision_dw.py for tasks to queue
[2025-06-13T23:12:02.273+0000] {logging_mixin.py:188} INFO - [2025-06-13T23:12:02.273+0000] {dagbag.py:538} INFO - Filling up the DagBag from /opt/airflow/dags/provision_dw.py
[2025-06-13T23:12:02.285+0000] {processor.py:840} INFO - DAG(s) 'provision_dw' retrieved from /opt/airflow/dags/provision_dw.py
[2025-06-13T23:12:02.321+0000] {logging_mixin.py:188} INFO - [2025-06-13T23:12:02.321+0000] {dag.py:3036} INFO - Sync 1 DAGs
[2025-06-13T23:12:02.338+0000] {logging_mixin.py:188} INFO - [2025-06-13T23:12:02.338+0000] {dag.py:3823} INFO - Setting next_dagrun for provision_dw to None, run_after=None
[2025-06-13T23:12:02.364+0000] {processor.py:183} INFO - Processing /opt/airflow/dags/provision_dw.py took 0.098 seconds
[2025-06-13T23:12:32.522+0000] {processor.py:161} INFO - Started process (PID=435) to work on /opt/airflow/dags/provision_dw.py
[2025-06-13T23:12:32.523+0000] {processor.py:830} INFO - Processing file /opt/airflow/dags/provision_dw.py for tasks to queue
[2025-06-13T23:12:32.524+0000] {logging_mixin.py:188} INFO - [2025-06-13T23:12:32.524+0000] {dagbag.py:538} INFO - Filling up the DagBag from /opt/airflow/dags/provision_dw.py
[2025-06-13T23:12:32.535+0000] {processor.py:840} INFO - DAG(s) 'provision_dw' retrieved from /opt/airflow/dags/provision_dw.py
[2025-06-13T23:12:32.569+0000] {logging_mixin.py:188} INFO - [2025-06-13T23:12:32.568+0000] {dag.py:3036} INFO - Sync 1 DAGs
[2025-06-13T23:12:32.582+0000] {logging_mixin.py:188} INFO - [2025-06-13T23:12:32.582+0000] {dag.py:3823} INFO - Setting next_dagrun for provision_dw to None, run_after=None
[2025-06-13T23:12:32.605+0000] {processor.py:183} INFO - Processing /opt/airflow/dags/provision_dw.py took 0.088 seconds
[2025-06-13T23:13:02.773+0000] {processor.py:161} INFO - Started process (PID=438) to work on /opt/airflow/dags/provision_dw.py
[2025-06-13T23:13:02.775+0000] {processor.py:830} INFO - Processing file /opt/airflow/dags/provision_dw.py for tasks to queue
[2025-06-13T23:13:02.776+0000] {logging_mixin.py:188} INFO - [2025-06-13T23:13:02.776+0000] {dagbag.py:538} INFO - Filling up the DagBag from /opt/airflow/dags/provision_dw.py
[2025-06-13T23:13:02.790+0000] {processor.py:840} INFO - DAG(s) 'provision_dw' retrieved from /opt/airflow/dags/provision_dw.py
[2025-06-13T23:13:02.856+0000] {logging_mixin.py:188} INFO - [2025-06-13T23:13:02.856+0000] {dag.py:3036} INFO - Sync 1 DAGs
[2025-06-13T23:13:02.877+0000] {logging_mixin.py:188} INFO - [2025-06-13T23:13:02.877+0000] {dag.py:3823} INFO - Setting next_dagrun for provision_dw to None, run_after=None
[2025-06-13T23:13:02.916+0000] {processor.py:183} INFO - Processing /opt/airflow/dags/provision_dw.py took 0.147 seconds
[2025-06-13T23:13:33.116+0000] {processor.py:161} INFO - Started process (PID=441) to work on /opt/airflow/dags/provision_dw.py
[2025-06-13T23:13:33.118+0000] {processor.py:830} INFO - Processing file /opt/airflow/dags/provision_dw.py for tasks to queue
[2025-06-13T23:13:33.119+0000] {logging_mixin.py:188} INFO - [2025-06-13T23:13:33.118+0000] {dagbag.py:538} INFO - Filling up the DagBag from /opt/airflow/dags/provision_dw.py
[2025-06-13T23:13:33.129+0000] {processor.py:840} INFO - DAG(s) 'provision_dw' retrieved from /opt/airflow/dags/provision_dw.py
[2025-06-13T23:13:33.165+0000] {logging_mixin.py:188} INFO - [2025-06-13T23:13:33.164+0000] {dag.py:3036} INFO - Sync 1 DAGs
[2025-06-13T23:13:33.178+0000] {logging_mixin.py:188} INFO - [2025-06-13T23:13:33.178+0000] {dag.py:3823} INFO - Setting next_dagrun for provision_dw to None, run_after=None
[2025-06-13T23:13:33.207+0000] {processor.py:183} INFO - Processing /opt/airflow/dags/provision_dw.py took 0.095 seconds
[2025-06-13T23:14:03.400+0000] {processor.py:161} INFO - Started process (PID=444) to work on /opt/airflow/dags/provision_dw.py
[2025-06-13T23:14:03.402+0000] {processor.py:830} INFO - Processing file /opt/airflow/dags/provision_dw.py for tasks to queue
[2025-06-13T23:14:03.403+0000] {logging_mixin.py:188} INFO - [2025-06-13T23:14:03.403+0000] {dagbag.py:538} INFO - Filling up the DagBag from /opt/airflow/dags/provision_dw.py
[2025-06-13T23:14:03.416+0000] {processor.py:840} INFO - DAG(s) 'provision_dw' retrieved from /opt/airflow/dags/provision_dw.py
[2025-06-13T23:14:03.452+0000] {logging_mixin.py:188} INFO - [2025-06-13T23:14:03.452+0000] {dag.py:3036} INFO - Sync 1 DAGs
[2025-06-13T23:14:03.467+0000] {logging_mixin.py:188} INFO - [2025-06-13T23:14:03.466+0000] {dag.py:3823} INFO - Setting next_dagrun for provision_dw to None, run_after=None
[2025-06-13T23:14:03.491+0000] {processor.py:183} INFO - Processing /opt/airflow/dags/provision_dw.py took 0.095 seconds
[2025-06-13T23:14:33.665+0000] {processor.py:161} INFO - Started process (PID=447) to work on /opt/airflow/dags/provision_dw.py
[2025-06-13T23:14:33.667+0000] {processor.py:830} INFO - Processing file /opt/airflow/dags/provision_dw.py for tasks to queue
[2025-06-13T23:14:33.668+0000] {logging_mixin.py:188} INFO - [2025-06-13T23:14:33.668+0000] {dagbag.py:538} INFO - Filling up the DagBag from /opt/airflow/dags/provision_dw.py
[2025-06-13T23:14:33.679+0000] {processor.py:840} INFO - DAG(s) 'provision_dw' retrieved from /opt/airflow/dags/provision_dw.py
[2025-06-13T23:14:33.716+0000] {logging_mixin.py:188} INFO - [2025-06-13T23:14:33.716+0000] {dag.py:3036} INFO - Sync 1 DAGs
[2025-06-13T23:14:33.731+0000] {logging_mixin.py:188} INFO - [2025-06-13T23:14:33.731+0000] {dag.py:3823} INFO - Setting next_dagrun for provision_dw to None, run_after=None
[2025-06-13T23:14:33.757+0000] {processor.py:183} INFO - Processing /opt/airflow/dags/provision_dw.py took 0.096 seconds
[2025-06-13T23:15:03.952+0000] {processor.py:161} INFO - Started process (PID=450) to work on /opt/airflow/dags/provision_dw.py
[2025-06-13T23:15:03.954+0000] {processor.py:830} INFO - Processing file /opt/airflow/dags/provision_dw.py for tasks to queue
[2025-06-13T23:15:03.955+0000] {logging_mixin.py:188} INFO - [2025-06-13T23:15:03.954+0000] {dagbag.py:538} INFO - Filling up the DagBag from /opt/airflow/dags/provision_dw.py
[2025-06-13T23:15:03.967+0000] {processor.py:840} INFO - DAG(s) 'provision_dw' retrieved from /opt/airflow/dags/provision_dw.py
[2025-06-13T23:15:04.003+0000] {logging_mixin.py:188} INFO - [2025-06-13T23:15:04.002+0000] {dag.py:3036} INFO - Sync 1 DAGs
[2025-06-13T23:15:04.019+0000] {logging_mixin.py:188} INFO - [2025-06-13T23:15:04.018+0000] {dag.py:3823} INFO - Setting next_dagrun for provision_dw to None, run_after=None
[2025-06-13T23:15:04.044+0000] {processor.py:183} INFO - Processing /opt/airflow/dags/provision_dw.py took 0.097 seconds
[2025-06-13T23:15:34.230+0000] {processor.py:161} INFO - Started process (PID=453) to work on /opt/airflow/dags/provision_dw.py
[2025-06-13T23:15:34.231+0000] {processor.py:830} INFO - Processing file /opt/airflow/dags/provision_dw.py for tasks to queue
[2025-06-13T23:15:34.233+0000] {logging_mixin.py:188} INFO - [2025-06-13T23:15:34.232+0000] {dagbag.py:538} INFO - Filling up the DagBag from /opt/airflow/dags/provision_dw.py
[2025-06-13T23:15:34.244+0000] {processor.py:840} INFO - DAG(s) 'provision_dw' retrieved from /opt/airflow/dags/provision_dw.py
[2025-06-13T23:15:34.278+0000] {logging_mixin.py:188} INFO - [2025-06-13T23:15:34.278+0000] {dag.py:3036} INFO - Sync 1 DAGs
[2025-06-13T23:15:34.292+0000] {logging_mixin.py:188} INFO - [2025-06-13T23:15:34.292+0000] {dag.py:3823} INFO - Setting next_dagrun for provision_dw to None, run_after=None
[2025-06-13T23:15:34.315+0000] {processor.py:183} INFO - Processing /opt/airflow/dags/provision_dw.py took 0.090 seconds
[2025-06-13T23:16:04.479+0000] {processor.py:161} INFO - Started process (PID=456) to work on /opt/airflow/dags/provision_dw.py
[2025-06-13T23:16:04.482+0000] {processor.py:830} INFO - Processing file /opt/airflow/dags/provision_dw.py for tasks to queue
[2025-06-13T23:16:04.484+0000] {logging_mixin.py:188} INFO - [2025-06-13T23:16:04.483+0000] {dagbag.py:538} INFO - Filling up the DagBag from /opt/airflow/dags/provision_dw.py
[2025-06-13T23:16:04.506+0000] {processor.py:840} INFO - DAG(s) 'provision_dw' retrieved from /opt/airflow/dags/provision_dw.py
[2025-06-13T23:16:04.541+0000] {logging_mixin.py:188} INFO - [2025-06-13T23:16:04.541+0000] {dag.py:3036} INFO - Sync 1 DAGs
[2025-06-13T23:16:04.555+0000] {logging_mixin.py:188} INFO - [2025-06-13T23:16:04.554+0000] {dag.py:3823} INFO - Setting next_dagrun for provision_dw to None, run_after=None
[2025-06-13T23:16:04.577+0000] {processor.py:183} INFO - Processing /opt/airflow/dags/provision_dw.py took 0.103 seconds
[2025-06-13T23:16:34.735+0000] {processor.py:161} INFO - Started process (PID=459) to work on /opt/airflow/dags/provision_dw.py
[2025-06-13T23:16:34.736+0000] {processor.py:830} INFO - Processing file /opt/airflow/dags/provision_dw.py for tasks to queue
[2025-06-13T23:16:34.738+0000] {logging_mixin.py:188} INFO - [2025-06-13T23:16:34.737+0000] {dagbag.py:538} INFO - Filling up the DagBag from /opt/airflow/dags/provision_dw.py
[2025-06-13T23:16:34.751+0000] {processor.py:840} INFO - DAG(s) 'provision_dw' retrieved from /opt/airflow/dags/provision_dw.py
[2025-06-13T23:16:34.791+0000] {logging_mixin.py:188} INFO - [2025-06-13T23:16:34.790+0000] {dag.py:3036} INFO - Sync 1 DAGs
[2025-06-13T23:16:34.805+0000] {logging_mixin.py:188} INFO - [2025-06-13T23:16:34.805+0000] {dag.py:3823} INFO - Setting next_dagrun for provision_dw to None, run_after=None
[2025-06-13T23:16:34.851+0000] {processor.py:183} INFO - Processing /opt/airflow/dags/provision_dw.py took 0.121 seconds
[2025-06-13T23:17:05.033+0000] {processor.py:161} INFO - Started process (PID=462) to work on /opt/airflow/dags/provision_dw.py
[2025-06-13T23:17:05.035+0000] {processor.py:830} INFO - Processing file /opt/airflow/dags/provision_dw.py for tasks to queue
[2025-06-13T23:17:05.037+0000] {logging_mixin.py:188} INFO - [2025-06-13T23:17:05.037+0000] {dagbag.py:538} INFO - Filling up the DagBag from /opt/airflow/dags/provision_dw.py
[2025-06-13T23:17:05.054+0000] {processor.py:840} INFO - DAG(s) 'provision_dw' retrieved from /opt/airflow/dags/provision_dw.py
[2025-06-13T23:17:05.094+0000] {logging_mixin.py:188} INFO - [2025-06-13T23:17:05.094+0000] {dag.py:3036} INFO - Sync 1 DAGs
[2025-06-13T23:17:05.107+0000] {logging_mixin.py:188} INFO - [2025-06-13T23:17:05.107+0000] {dag.py:3823} INFO - Setting next_dagrun for provision_dw to None, run_after=None
[2025-06-13T23:17:05.132+0000] {processor.py:183} INFO - Processing /opt/airflow/dags/provision_dw.py took 0.107 seconds
[2025-06-13T23:17:35.311+0000] {processor.py:161} INFO - Started process (PID=465) to work on /opt/airflow/dags/provision_dw.py
[2025-06-13T23:17:35.314+0000] {processor.py:830} INFO - Processing file /opt/airflow/dags/provision_dw.py for tasks to queue
[2025-06-13T23:17:35.317+0000] {logging_mixin.py:188} INFO - [2025-06-13T23:17:35.316+0000] {dagbag.py:538} INFO - Filling up the DagBag from /opt/airflow/dags/provision_dw.py
[2025-06-13T23:17:35.330+0000] {processor.py:840} INFO - DAG(s) 'provision_dw' retrieved from /opt/airflow/dags/provision_dw.py
[2025-06-13T23:17:35.367+0000] {logging_mixin.py:188} INFO - [2025-06-13T23:17:35.367+0000] {dag.py:3036} INFO - Sync 1 DAGs
[2025-06-13T23:17:35.381+0000] {logging_mixin.py:188} INFO - [2025-06-13T23:17:35.380+0000] {dag.py:3823} INFO - Setting next_dagrun for provision_dw to None, run_after=None
[2025-06-13T23:17:35.403+0000] {processor.py:183} INFO - Processing /opt/airflow/dags/provision_dw.py took 0.102 seconds
[2025-06-13T23:18:05.567+0000] {processor.py:161} INFO - Started process (PID=468) to work on /opt/airflow/dags/provision_dw.py
[2025-06-13T23:18:05.569+0000] {processor.py:830} INFO - Processing file /opt/airflow/dags/provision_dw.py for tasks to queue
[2025-06-13T23:18:05.570+0000] {logging_mixin.py:188} INFO - [2025-06-13T23:18:05.569+0000] {dagbag.py:538} INFO - Filling up the DagBag from /opt/airflow/dags/provision_dw.py
[2025-06-13T23:18:05.580+0000] {processor.py:840} INFO - DAG(s) 'provision_dw' retrieved from /opt/airflow/dags/provision_dw.py
[2025-06-13T23:18:05.617+0000] {logging_mixin.py:188} INFO - [2025-06-13T23:18:05.617+0000] {dag.py:3036} INFO - Sync 1 DAGs
[2025-06-13T23:18:05.632+0000] {logging_mixin.py:188} INFO - [2025-06-13T23:18:05.632+0000] {dag.py:3823} INFO - Setting next_dagrun for provision_dw to None, run_after=None
[2025-06-13T23:18:05.669+0000] {processor.py:183} INFO - Processing /opt/airflow/dags/provision_dw.py took 0.106 seconds
[2025-06-13T23:18:35.837+0000] {processor.py:161} INFO - Started process (PID=471) to work on /opt/airflow/dags/provision_dw.py
[2025-06-13T23:18:35.838+0000] {processor.py:830} INFO - Processing file /opt/airflow/dags/provision_dw.py for tasks to queue
[2025-06-13T23:18:35.839+0000] {logging_mixin.py:188} INFO - [2025-06-13T23:18:35.839+0000] {dagbag.py:538} INFO - Filling up the DagBag from /opt/airflow/dags/provision_dw.py
[2025-06-13T23:18:35.851+0000] {processor.py:840} INFO - DAG(s) 'provision_dw' retrieved from /opt/airflow/dags/provision_dw.py
[2025-06-13T23:18:35.891+0000] {logging_mixin.py:188} INFO - [2025-06-13T23:18:35.891+0000] {dag.py:3036} INFO - Sync 1 DAGs
[2025-06-13T23:18:35.906+0000] {logging_mixin.py:188} INFO - [2025-06-13T23:18:35.906+0000] {dag.py:3823} INFO - Setting next_dagrun for provision_dw to None, run_after=None
[2025-06-13T23:18:35.931+0000] {processor.py:183} INFO - Processing /opt/airflow/dags/provision_dw.py took 0.099 seconds
[2025-06-13T23:19:06.137+0000] {processor.py:161} INFO - Started process (PID=474) to work on /opt/airflow/dags/provision_dw.py
[2025-06-13T23:19:06.139+0000] {processor.py:830} INFO - Processing file /opt/airflow/dags/provision_dw.py for tasks to queue
[2025-06-13T23:19:06.141+0000] {logging_mixin.py:188} INFO - [2025-06-13T23:19:06.140+0000] {dagbag.py:538} INFO - Filling up the DagBag from /opt/airflow/dags/provision_dw.py
[2025-06-13T23:19:06.159+0000] {processor.py:840} INFO - DAG(s) 'provision_dw' retrieved from /opt/airflow/dags/provision_dw.py
[2025-06-13T23:19:06.193+0000] {logging_mixin.py:188} INFO - [2025-06-13T23:19:06.193+0000] {dag.py:3036} INFO - Sync 1 DAGs
[2025-06-13T23:19:06.207+0000] {logging_mixin.py:188} INFO - [2025-06-13T23:19:06.206+0000] {dag.py:3823} INFO - Setting next_dagrun for provision_dw to None, run_after=None
[2025-06-13T23:19:06.229+0000] {processor.py:183} INFO - Processing /opt/airflow/dags/provision_dw.py took 0.099 seconds
[2025-06-13T23:19:36.414+0000] {processor.py:161} INFO - Started process (PID=477) to work on /opt/airflow/dags/provision_dw.py
[2025-06-13T23:19:36.416+0000] {processor.py:830} INFO - Processing file /opt/airflow/dags/provision_dw.py for tasks to queue
[2025-06-13T23:19:36.417+0000] {logging_mixin.py:188} INFO - [2025-06-13T23:19:36.417+0000] {dagbag.py:538} INFO - Filling up the DagBag from /opt/airflow/dags/provision_dw.py
[2025-06-13T23:19:36.428+0000] {processor.py:840} INFO - DAG(s) 'provision_dw' retrieved from /opt/airflow/dags/provision_dw.py
[2025-06-13T23:19:36.464+0000] {logging_mixin.py:188} INFO - [2025-06-13T23:19:36.464+0000] {dag.py:3036} INFO - Sync 1 DAGs
[2025-06-13T23:19:36.481+0000] {logging_mixin.py:188} INFO - [2025-06-13T23:19:36.481+0000] {dag.py:3823} INFO - Setting next_dagrun for provision_dw to None, run_after=None
[2025-06-13T23:19:36.509+0000] {processor.py:183} INFO - Processing /opt/airflow/dags/provision_dw.py took 0.098 seconds
[2025-06-13T23:20:06.695+0000] {processor.py:161} INFO - Started process (PID=480) to work on /opt/airflow/dags/provision_dw.py
[2025-06-13T23:20:06.697+0000] {processor.py:830} INFO - Processing file /opt/airflow/dags/provision_dw.py for tasks to queue
[2025-06-13T23:20:06.699+0000] {logging_mixin.py:188} INFO - [2025-06-13T23:20:06.698+0000] {dagbag.py:538} INFO - Filling up the DagBag from /opt/airflow/dags/provision_dw.py
[2025-06-13T23:20:06.720+0000] {processor.py:840} INFO - DAG(s) 'provision_dw' retrieved from /opt/airflow/dags/provision_dw.py
[2025-06-13T23:20:06.759+0000] {logging_mixin.py:188} INFO - [2025-06-13T23:20:06.759+0000] {dag.py:3036} INFO - Sync 1 DAGs
[2025-06-13T23:20:06.774+0000] {logging_mixin.py:188} INFO - [2025-06-13T23:20:06.773+0000] {dag.py:3823} INFO - Setting next_dagrun for provision_dw to None, run_after=None
[2025-06-13T23:20:06.796+0000] {processor.py:183} INFO - Processing /opt/airflow/dags/provision_dw.py took 0.110 seconds
[2025-06-13T23:20:36.908+0000] {processor.py:161} INFO - Started process (PID=481) to work on /opt/airflow/dags/provision_dw.py
[2025-06-13T23:20:36.910+0000] {processor.py:830} INFO - Processing file /opt/airflow/dags/provision_dw.py for tasks to queue
[2025-06-13T23:20:36.911+0000] {logging_mixin.py:188} INFO - [2025-06-13T23:20:36.911+0000] {dagbag.py:538} INFO - Filling up the DagBag from /opt/airflow/dags/provision_dw.py
[2025-06-13T23:20:36.922+0000] {processor.py:840} INFO - DAG(s) 'provision_dw' retrieved from /opt/airflow/dags/provision_dw.py
[2025-06-13T23:20:36.958+0000] {logging_mixin.py:188} INFO - [2025-06-13T23:20:36.958+0000] {dag.py:3036} INFO - Sync 1 DAGs
[2025-06-13T23:20:36.974+0000] {logging_mixin.py:188} INFO - [2025-06-13T23:20:36.974+0000] {dag.py:3823} INFO - Setting next_dagrun for provision_dw to None, run_after=None
[2025-06-13T23:20:36.998+0000] {processor.py:183} INFO - Processing /opt/airflow/dags/provision_dw.py took 0.097 seconds
[2025-06-13T23:21:07.183+0000] {processor.py:161} INFO - Started process (PID=484) to work on /opt/airflow/dags/provision_dw.py
[2025-06-13T23:21:07.184+0000] {processor.py:830} INFO - Processing file /opt/airflow/dags/provision_dw.py for tasks to queue
[2025-06-13T23:21:07.186+0000] {logging_mixin.py:188} INFO - [2025-06-13T23:21:07.185+0000] {dagbag.py:538} INFO - Filling up the DagBag from /opt/airflow/dags/provision_dw.py
[2025-06-13T23:21:07.203+0000] {processor.py:840} INFO - DAG(s) 'provision_dw' retrieved from /opt/airflow/dags/provision_dw.py
[2025-06-13T23:21:07.240+0000] {logging_mixin.py:188} INFO - [2025-06-13T23:21:07.240+0000] {dag.py:3036} INFO - Sync 1 DAGs
[2025-06-13T23:21:07.257+0000] {logging_mixin.py:188} INFO - [2025-06-13T23:21:07.257+0000] {dag.py:3823} INFO - Setting next_dagrun for provision_dw to None, run_after=None
[2025-06-13T23:21:07.285+0000] {processor.py:183} INFO - Processing /opt/airflow/dags/provision_dw.py took 0.107 seconds
[2025-06-13T23:21:37.476+0000] {processor.py:161} INFO - Started process (PID=487) to work on /opt/airflow/dags/provision_dw.py
[2025-06-13T23:21:37.477+0000] {processor.py:830} INFO - Processing file /opt/airflow/dags/provision_dw.py for tasks to queue
[2025-06-13T23:21:37.478+0000] {logging_mixin.py:188} INFO - [2025-06-13T23:21:37.478+0000] {dagbag.py:538} INFO - Filling up the DagBag from /opt/airflow/dags/provision_dw.py
[2025-06-13T23:21:37.489+0000] {processor.py:840} INFO - DAG(s) 'provision_dw' retrieved from /opt/airflow/dags/provision_dw.py
[2025-06-13T23:21:37.522+0000] {logging_mixin.py:188} INFO - [2025-06-13T23:21:37.522+0000] {dag.py:3036} INFO - Sync 1 DAGs
[2025-06-13T23:21:37.536+0000] {logging_mixin.py:188} INFO - [2025-06-13T23:21:37.536+0000] {dag.py:3823} INFO - Setting next_dagrun for provision_dw to None, run_after=None
[2025-06-13T23:21:37.559+0000] {processor.py:183} INFO - Processing /opt/airflow/dags/provision_dw.py took 0.087 seconds
[2025-06-13T23:22:07.731+0000] {processor.py:161} INFO - Started process (PID=490) to work on /opt/airflow/dags/provision_dw.py
[2025-06-13T23:22:07.732+0000] {processor.py:830} INFO - Processing file /opt/airflow/dags/provision_dw.py for tasks to queue
[2025-06-13T23:22:07.733+0000] {logging_mixin.py:188} INFO - [2025-06-13T23:22:07.733+0000] {dagbag.py:538} INFO - Filling up the DagBag from /opt/airflow/dags/provision_dw.py
[2025-06-13T23:22:07.744+0000] {processor.py:840} INFO - DAG(s) 'provision_dw' retrieved from /opt/airflow/dags/provision_dw.py
[2025-06-13T23:22:07.779+0000] {logging_mixin.py:188} INFO - [2025-06-13T23:22:07.778+0000] {dag.py:3036} INFO - Sync 1 DAGs
[2025-06-13T23:22:07.792+0000] {logging_mixin.py:188} INFO - [2025-06-13T23:22:07.792+0000] {dag.py:3823} INFO - Setting next_dagrun for provision_dw to None, run_after=None
[2025-06-13T23:22:07.815+0000] {processor.py:183} INFO - Processing /opt/airflow/dags/provision_dw.py took 0.089 seconds
[2025-06-13T23:22:38.019+0000] {processor.py:161} INFO - Started process (PID=493) to work on /opt/airflow/dags/provision_dw.py
[2025-06-13T23:22:38.021+0000] {processor.py:830} INFO - Processing file /opt/airflow/dags/provision_dw.py for tasks to queue
[2025-06-13T23:22:38.022+0000] {logging_mixin.py:188} INFO - [2025-06-13T23:22:38.022+0000] {dagbag.py:538} INFO - Filling up the DagBag from /opt/airflow/dags/provision_dw.py
[2025-06-13T23:22:38.034+0000] {processor.py:840} INFO - DAG(s) 'provision_dw' retrieved from /opt/airflow/dags/provision_dw.py
[2025-06-13T23:22:38.073+0000] {logging_mixin.py:188} INFO - [2025-06-13T23:22:38.072+0000] {dag.py:3036} INFO - Sync 1 DAGs
[2025-06-13T23:22:38.091+0000] {logging_mixin.py:188} INFO - [2025-06-13T23:22:38.091+0000] {dag.py:3823} INFO - Setting next_dagrun for provision_dw to None, run_after=None
[2025-06-13T23:22:38.116+0000] {processor.py:183} INFO - Processing /opt/airflow/dags/provision_dw.py took 0.107 seconds
[2025-06-13T23:23:08.274+0000] {processor.py:161} INFO - Started process (PID=496) to work on /opt/airflow/dags/provision_dw.py
[2025-06-13T23:23:08.277+0000] {processor.py:830} INFO - Processing file /opt/airflow/dags/provision_dw.py for tasks to queue
[2025-06-13T23:23:08.278+0000] {logging_mixin.py:188} INFO - [2025-06-13T23:23:08.277+0000] {dagbag.py:538} INFO - Filling up the DagBag from /opt/airflow/dags/provision_dw.py
[2025-06-13T23:23:08.288+0000] {processor.py:840} INFO - DAG(s) 'provision_dw' retrieved from /opt/airflow/dags/provision_dw.py
[2025-06-13T23:23:08.323+0000] {logging_mixin.py:188} INFO - [2025-06-13T23:23:08.323+0000] {dag.py:3036} INFO - Sync 1 DAGs
[2025-06-13T23:23:08.337+0000] {logging_mixin.py:188} INFO - [2025-06-13T23:23:08.337+0000] {dag.py:3823} INFO - Setting next_dagrun for provision_dw to None, run_after=None
[2025-06-13T23:23:08.361+0000] {processor.py:183} INFO - Processing /opt/airflow/dags/provision_dw.py took 0.090 seconds
[2025-06-13T23:23:38.548+0000] {processor.py:161} INFO - Started process (PID=499) to work on /opt/airflow/dags/provision_dw.py
[2025-06-13T23:23:38.550+0000] {processor.py:830} INFO - Processing file /opt/airflow/dags/provision_dw.py for tasks to queue
[2025-06-13T23:23:38.552+0000] {logging_mixin.py:188} INFO - [2025-06-13T23:23:38.551+0000] {dagbag.py:538} INFO - Filling up the DagBag from /opt/airflow/dags/provision_dw.py
[2025-06-13T23:23:38.562+0000] {processor.py:840} INFO - DAG(s) 'provision_dw' retrieved from /opt/airflow/dags/provision_dw.py
[2025-06-13T23:23:38.596+0000] {logging_mixin.py:188} INFO - [2025-06-13T23:23:38.596+0000] {dag.py:3036} INFO - Sync 1 DAGs
[2025-06-13T23:23:38.611+0000] {logging_mixin.py:188} INFO - [2025-06-13T23:23:38.611+0000] {dag.py:3823} INFO - Setting next_dagrun for provision_dw to None, run_after=None
[2025-06-13T23:23:38.643+0000] {processor.py:183} INFO - Processing /opt/airflow/dags/provision_dw.py took 0.098 seconds
[2025-06-13T23:24:08.803+0000] {processor.py:161} INFO - Started process (PID=502) to work on /opt/airflow/dags/provision_dw.py
[2025-06-13T23:24:08.806+0000] {processor.py:830} INFO - Processing file /opt/airflow/dags/provision_dw.py for tasks to queue
[2025-06-13T23:24:08.807+0000] {logging_mixin.py:188} INFO - [2025-06-13T23:24:08.807+0000] {dagbag.py:538} INFO - Filling up the DagBag from /opt/airflow/dags/provision_dw.py
[2025-06-13T23:24:08.822+0000] {processor.py:840} INFO - DAG(s) 'provision_dw' retrieved from /opt/airflow/dags/provision_dw.py
[2025-06-13T23:24:08.859+0000] {logging_mixin.py:188} INFO - [2025-06-13T23:24:08.859+0000] {dag.py:3036} INFO - Sync 1 DAGs
[2025-06-13T23:24:08.874+0000] {logging_mixin.py:188} INFO - [2025-06-13T23:24:08.874+0000] {dag.py:3823} INFO - Setting next_dagrun for provision_dw to None, run_after=None
[2025-06-13T23:24:08.901+0000] {processor.py:183} INFO - Processing /opt/airflow/dags/provision_dw.py took 0.103 seconds
[2025-06-13T23:24:39.067+0000] {processor.py:161} INFO - Started process (PID=505) to work on /opt/airflow/dags/provision_dw.py
[2025-06-13T23:24:39.068+0000] {processor.py:830} INFO - Processing file /opt/airflow/dags/provision_dw.py for tasks to queue
[2025-06-13T23:24:39.070+0000] {logging_mixin.py:188} INFO - [2025-06-13T23:24:39.069+0000] {dagbag.py:538} INFO - Filling up the DagBag from /opt/airflow/dags/provision_dw.py
[2025-06-13T23:24:39.083+0000] {processor.py:840} INFO - DAG(s) 'provision_dw' retrieved from /opt/airflow/dags/provision_dw.py
[2025-06-13T23:24:39.127+0000] {logging_mixin.py:188} INFO - [2025-06-13T23:24:39.127+0000] {dag.py:3036} INFO - Sync 1 DAGs
[2025-06-13T23:24:39.146+0000] {logging_mixin.py:188} INFO - [2025-06-13T23:24:39.145+0000] {dag.py:3823} INFO - Setting next_dagrun for provision_dw to None, run_after=None
[2025-06-13T23:24:39.172+0000] {processor.py:183} INFO - Processing /opt/airflow/dags/provision_dw.py took 0.110 seconds
[2025-06-13T23:25:09.330+0000] {processor.py:161} INFO - Started process (PID=508) to work on /opt/airflow/dags/provision_dw.py
[2025-06-13T23:25:09.331+0000] {processor.py:830} INFO - Processing file /opt/airflow/dags/provision_dw.py for tasks to queue
[2025-06-13T23:25:09.333+0000] {logging_mixin.py:188} INFO - [2025-06-13T23:25:09.332+0000] {dagbag.py:538} INFO - Filling up the DagBag from /opt/airflow/dags/provision_dw.py
[2025-06-13T23:25:09.346+0000] {processor.py:840} INFO - DAG(s) 'provision_dw' retrieved from /opt/airflow/dags/provision_dw.py
[2025-06-13T23:25:09.391+0000] {logging_mixin.py:188} INFO - [2025-06-13T23:25:09.391+0000] {dag.py:3036} INFO - Sync 1 DAGs
[2025-06-13T23:25:09.406+0000] {logging_mixin.py:188} INFO - [2025-06-13T23:25:09.406+0000] {dag.py:3823} INFO - Setting next_dagrun for provision_dw to None, run_after=None
[2025-06-13T23:25:09.438+0000] {processor.py:183} INFO - Processing /opt/airflow/dags/provision_dw.py took 0.113 seconds
[2025-06-13T23:25:39.610+0000] {processor.py:161} INFO - Started process (PID=511) to work on /opt/airflow/dags/provision_dw.py
[2025-06-13T23:25:39.612+0000] {processor.py:830} INFO - Processing file /opt/airflow/dags/provision_dw.py for tasks to queue
[2025-06-13T23:25:39.613+0000] {logging_mixin.py:188} INFO - [2025-06-13T23:25:39.613+0000] {dagbag.py:538} INFO - Filling up the DagBag from /opt/airflow/dags/provision_dw.py
[2025-06-13T23:25:39.626+0000] {processor.py:840} INFO - DAG(s) 'provision_dw' retrieved from /opt/airflow/dags/provision_dw.py
[2025-06-13T23:25:39.662+0000] {logging_mixin.py:188} INFO - [2025-06-13T23:25:39.661+0000] {dag.py:3036} INFO - Sync 1 DAGs
[2025-06-13T23:25:39.679+0000] {logging_mixin.py:188} INFO - [2025-06-13T23:25:39.677+0000] {dag.py:3823} INFO - Setting next_dagrun for provision_dw to None, run_after=None
[2025-06-13T23:25:39.706+0000] {processor.py:183} INFO - Processing /opt/airflow/dags/provision_dw.py took 0.102 seconds
[2025-06-13T23:26:09.909+0000] {processor.py:161} INFO - Started process (PID=514) to work on /opt/airflow/dags/provision_dw.py
[2025-06-13T23:26:09.912+0000] {processor.py:830} INFO - Processing file /opt/airflow/dags/provision_dw.py for tasks to queue
[2025-06-13T23:26:09.913+0000] {logging_mixin.py:188} INFO - [2025-06-13T23:26:09.913+0000] {dagbag.py:538} INFO - Filling up the DagBag from /opt/airflow/dags/provision_dw.py
[2025-06-13T23:26:09.932+0000] {processor.py:840} INFO - DAG(s) 'provision_dw' retrieved from /opt/airflow/dags/provision_dw.py
[2025-06-13T23:26:09.968+0000] {logging_mixin.py:188} INFO - [2025-06-13T23:26:09.967+0000] {dag.py:3036} INFO - Sync 1 DAGs
[2025-06-13T23:26:09.981+0000] {logging_mixin.py:188} INFO - [2025-06-13T23:26:09.981+0000] {dag.py:3823} INFO - Setting next_dagrun for provision_dw to None, run_after=None
[2025-06-13T23:26:10.004+0000] {processor.py:183} INFO - Processing /opt/airflow/dags/provision_dw.py took 0.102 seconds
[2025-06-13T23:26:40.182+0000] {processor.py:161} INFO - Started process (PID=517) to work on /opt/airflow/dags/provision_dw.py
[2025-06-13T23:26:40.183+0000] {processor.py:830} INFO - Processing file /opt/airflow/dags/provision_dw.py for tasks to queue
[2025-06-13T23:26:40.184+0000] {logging_mixin.py:188} INFO - [2025-06-13T23:26:40.184+0000] {dagbag.py:538} INFO - Filling up the DagBag from /opt/airflow/dags/provision_dw.py
[2025-06-13T23:26:40.195+0000] {processor.py:840} INFO - DAG(s) 'provision_dw' retrieved from /opt/airflow/dags/provision_dw.py
[2025-06-13T23:26:40.231+0000] {logging_mixin.py:188} INFO - [2025-06-13T23:26:40.231+0000] {dag.py:3036} INFO - Sync 1 DAGs
[2025-06-13T23:26:40.245+0000] {logging_mixin.py:188} INFO - [2025-06-13T23:26:40.245+0000] {dag.py:3823} INFO - Setting next_dagrun for provision_dw to None, run_after=None
[2025-06-13T23:26:40.269+0000] {processor.py:183} INFO - Processing /opt/airflow/dags/provision_dw.py took 0.092 seconds
[2025-06-13T23:27:10.449+0000] {processor.py:161} INFO - Started process (PID=520) to work on /opt/airflow/dags/provision_dw.py
[2025-06-13T23:27:10.451+0000] {processor.py:830} INFO - Processing file /opt/airflow/dags/provision_dw.py for tasks to queue
[2025-06-13T23:27:10.452+0000] {logging_mixin.py:188} INFO - [2025-06-13T23:27:10.452+0000] {dagbag.py:538} INFO - Filling up the DagBag from /opt/airflow/dags/provision_dw.py
[2025-06-13T23:27:10.462+0000] {processor.py:840} INFO - DAG(s) 'provision_dw' retrieved from /opt/airflow/dags/provision_dw.py
[2025-06-13T23:27:10.498+0000] {logging_mixin.py:188} INFO - [2025-06-13T23:27:10.498+0000] {dag.py:3036} INFO - Sync 1 DAGs
[2025-06-13T23:27:10.514+0000] {logging_mixin.py:188} INFO - [2025-06-13T23:27:10.513+0000] {dag.py:3823} INFO - Setting next_dagrun for provision_dw to None, run_after=None
[2025-06-13T23:27:10.540+0000] {processor.py:183} INFO - Processing /opt/airflow/dags/provision_dw.py took 0.096 seconds
[2025-06-13T23:27:40.753+0000] {processor.py:161} INFO - Started process (PID=523) to work on /opt/airflow/dags/provision_dw.py
[2025-06-13T23:27:40.755+0000] {processor.py:830} INFO - Processing file /opt/airflow/dags/provision_dw.py for tasks to queue
[2025-06-13T23:27:40.756+0000] {logging_mixin.py:188} INFO - [2025-06-13T23:27:40.755+0000] {dagbag.py:538} INFO - Filling up the DagBag from /opt/airflow/dags/provision_dw.py
[2025-06-13T23:27:40.769+0000] {processor.py:840} INFO - DAG(s) 'provision_dw' retrieved from /opt/airflow/dags/provision_dw.py
[2025-06-13T23:27:40.808+0000] {logging_mixin.py:188} INFO - [2025-06-13T23:27:40.808+0000] {dag.py:3036} INFO - Sync 1 DAGs
[2025-06-13T23:27:40.823+0000] {logging_mixin.py:188} INFO - [2025-06-13T23:27:40.823+0000] {dag.py:3823} INFO - Setting next_dagrun for provision_dw to None, run_after=None
[2025-06-13T23:27:40.852+0000] {processor.py:183} INFO - Processing /opt/airflow/dags/provision_dw.py took 0.103 seconds
[2025-06-13T23:28:11.063+0000] {processor.py:161} INFO - Started process (PID=526) to work on /opt/airflow/dags/provision_dw.py
[2025-06-13T23:28:11.066+0000] {processor.py:830} INFO - Processing file /opt/airflow/dags/provision_dw.py for tasks to queue
[2025-06-13T23:28:11.068+0000] {logging_mixin.py:188} INFO - [2025-06-13T23:28:11.068+0000] {dagbag.py:538} INFO - Filling up the DagBag from /opt/airflow/dags/provision_dw.py
[2025-06-13T23:28:11.085+0000] {processor.py:840} INFO - DAG(s) 'provision_dw' retrieved from /opt/airflow/dags/provision_dw.py
[2025-06-13T23:28:11.123+0000] {logging_mixin.py:188} INFO - [2025-06-13T23:28:11.122+0000] {dag.py:3036} INFO - Sync 1 DAGs
[2025-06-13T23:28:11.137+0000] {logging_mixin.py:188} INFO - [2025-06-13T23:28:11.137+0000] {dag.py:3823} INFO - Setting next_dagrun for provision_dw to None, run_after=None
[2025-06-13T23:28:11.173+0000] {processor.py:183} INFO - Processing /opt/airflow/dags/provision_dw.py took 0.118 seconds
[2025-06-13T23:28:41.313+0000] {processor.py:161} INFO - Started process (PID=529) to work on /opt/airflow/dags/provision_dw.py
[2025-06-13T23:28:41.314+0000] {processor.py:830} INFO - Processing file /opt/airflow/dags/provision_dw.py for tasks to queue
[2025-06-13T23:28:41.315+0000] {logging_mixin.py:188} INFO - [2025-06-13T23:28:41.315+0000] {dagbag.py:538} INFO - Filling up the DagBag from /opt/airflow/dags/provision_dw.py
[2025-06-13T23:28:41.326+0000] {processor.py:840} INFO - DAG(s) 'provision_dw' retrieved from /opt/airflow/dags/provision_dw.py
[2025-06-13T23:28:41.359+0000] {logging_mixin.py:188} INFO - [2025-06-13T23:28:41.359+0000] {dag.py:3036} INFO - Sync 1 DAGs
[2025-06-13T23:28:41.373+0000] {logging_mixin.py:188} INFO - [2025-06-13T23:28:41.373+0000] {dag.py:3823} INFO - Setting next_dagrun for provision_dw to None, run_after=None
[2025-06-13T23:28:41.395+0000] {processor.py:183} INFO - Processing /opt/airflow/dags/provision_dw.py took 0.087 seconds
[2025-06-13T23:29:11.555+0000] {processor.py:161} INFO - Started process (PID=532) to work on /opt/airflow/dags/provision_dw.py
[2025-06-13T23:29:11.556+0000] {processor.py:830} INFO - Processing file /opt/airflow/dags/provision_dw.py for tasks to queue
[2025-06-13T23:29:11.557+0000] {logging_mixin.py:188} INFO - [2025-06-13T23:29:11.557+0000] {dagbag.py:538} INFO - Filling up the DagBag from /opt/airflow/dags/provision_dw.py
[2025-06-13T23:29:11.575+0000] {processor.py:840} INFO - DAG(s) 'provision_dw' retrieved from /opt/airflow/dags/provision_dw.py
[2025-06-13T23:29:11.613+0000] {logging_mixin.py:188} INFO - [2025-06-13T23:29:11.613+0000] {dag.py:3036} INFO - Sync 1 DAGs
[2025-06-13T23:29:11.627+0000] {logging_mixin.py:188} INFO - [2025-06-13T23:29:11.626+0000] {dag.py:3823} INFO - Setting next_dagrun for provision_dw to None, run_after=None
[2025-06-13T23:29:11.654+0000] {processor.py:183} INFO - Processing /opt/airflow/dags/provision_dw.py took 0.103 seconds
[2025-06-13T23:29:41.871+0000] {processor.py:161} INFO - Started process (PID=535) to work on /opt/airflow/dags/provision_dw.py
[2025-06-13T23:29:41.874+0000] {processor.py:830} INFO - Processing file /opt/airflow/dags/provision_dw.py for tasks to queue
[2025-06-13T23:29:41.876+0000] {logging_mixin.py:188} INFO - [2025-06-13T23:29:41.875+0000] {dagbag.py:538} INFO - Filling up the DagBag from /opt/airflow/dags/provision_dw.py
[2025-06-13T23:29:41.892+0000] {processor.py:840} INFO - DAG(s) 'provision_dw' retrieved from /opt/airflow/dags/provision_dw.py
[2025-06-13T23:29:41.925+0000] {logging_mixin.py:188} INFO - [2025-06-13T23:29:41.925+0000] {dag.py:3036} INFO - Sync 1 DAGs
[2025-06-13T23:29:41.939+0000] {logging_mixin.py:188} INFO - [2025-06-13T23:29:41.939+0000] {dag.py:3823} INFO - Setting next_dagrun for provision_dw to None, run_after=None
[2025-06-13T23:29:41.963+0000] {processor.py:183} INFO - Processing /opt/airflow/dags/provision_dw.py took 0.100 seconds
[2025-06-13T23:30:12.138+0000] {processor.py:161} INFO - Started process (PID=538) to work on /opt/airflow/dags/provision_dw.py
[2025-06-13T23:30:12.139+0000] {processor.py:830} INFO - Processing file /opt/airflow/dags/provision_dw.py for tasks to queue
[2025-06-13T23:30:12.140+0000] {logging_mixin.py:188} INFO - [2025-06-13T23:30:12.139+0000] {dagbag.py:538} INFO - Filling up the DagBag from /opt/airflow/dags/provision_dw.py
[2025-06-13T23:30:12.153+0000] {processor.py:840} INFO - DAG(s) 'provision_dw' retrieved from /opt/airflow/dags/provision_dw.py
[2025-06-13T23:30:12.194+0000] {logging_mixin.py:188} INFO - [2025-06-13T23:30:12.193+0000] {dag.py:3036} INFO - Sync 1 DAGs
[2025-06-13T23:30:12.211+0000] {logging_mixin.py:188} INFO - [2025-06-13T23:30:12.211+0000] {dag.py:3823} INFO - Setting next_dagrun for provision_dw to None, run_after=None
[2025-06-13T23:30:12.239+0000] {processor.py:183} INFO - Processing /opt/airflow/dags/provision_dw.py took 0.106 seconds
[2025-06-13T23:30:42.379+0000] {processor.py:161} INFO - Started process (PID=541) to work on /opt/airflow/dags/provision_dw.py
[2025-06-13T23:30:42.387+0000] {processor.py:830} INFO - Processing file /opt/airflow/dags/provision_dw.py for tasks to queue
[2025-06-13T23:30:42.389+0000] {logging_mixin.py:188} INFO - [2025-06-13T23:30:42.388+0000] {dagbag.py:538} INFO - Filling up the DagBag from /opt/airflow/dags/provision_dw.py
[2025-06-13T23:30:42.400+0000] {processor.py:840} INFO - DAG(s) 'provision_dw' retrieved from /opt/airflow/dags/provision_dw.py
[2025-06-13T23:30:42.444+0000] {logging_mixin.py:188} INFO - [2025-06-13T23:30:42.444+0000] {dag.py:3036} INFO - Sync 1 DAGs
[2025-06-13T23:30:42.459+0000] {logging_mixin.py:188} INFO - [2025-06-13T23:30:42.459+0000] {dag.py:3823} INFO - Setting next_dagrun for provision_dw to None, run_after=None
[2025-06-13T23:30:42.484+0000] {processor.py:183} INFO - Processing /opt/airflow/dags/provision_dw.py took 0.109 seconds
[2025-06-13T23:31:12.670+0000] {processor.py:161} INFO - Started process (PID=544) to work on /opt/airflow/dags/provision_dw.py
[2025-06-13T23:31:12.672+0000] {processor.py:830} INFO - Processing file /opt/airflow/dags/provision_dw.py for tasks to queue
[2025-06-13T23:31:12.673+0000] {logging_mixin.py:188} INFO - [2025-06-13T23:31:12.672+0000] {dagbag.py:538} INFO - Filling up the DagBag from /opt/airflow/dags/provision_dw.py
[2025-06-13T23:31:12.687+0000] {processor.py:840} INFO - DAG(s) 'provision_dw' retrieved from /opt/airflow/dags/provision_dw.py
[2025-06-13T23:31:12.724+0000] {logging_mixin.py:188} INFO - [2025-06-13T23:31:12.723+0000] {dag.py:3036} INFO - Sync 1 DAGs
[2025-06-13T23:31:12.739+0000] {logging_mixin.py:188} INFO - [2025-06-13T23:31:12.739+0000] {dag.py:3823} INFO - Setting next_dagrun for provision_dw to None, run_after=None
[2025-06-13T23:31:12.766+0000] {processor.py:183} INFO - Processing /opt/airflow/dags/provision_dw.py took 0.101 seconds
[2025-06-13T23:31:42.936+0000] {processor.py:161} INFO - Started process (PID=547) to work on /opt/airflow/dags/provision_dw.py
[2025-06-13T23:31:42.939+0000] {processor.py:830} INFO - Processing file /opt/airflow/dags/provision_dw.py for tasks to queue
[2025-06-13T23:31:42.940+0000] {logging_mixin.py:188} INFO - [2025-06-13T23:31:42.940+0000] {dagbag.py:538} INFO - Filling up the DagBag from /opt/airflow/dags/provision_dw.py
[2025-06-13T23:31:42.951+0000] {processor.py:840} INFO - DAG(s) 'provision_dw' retrieved from /opt/airflow/dags/provision_dw.py
[2025-06-13T23:31:42.990+0000] {logging_mixin.py:188} INFO - [2025-06-13T23:31:42.990+0000] {dag.py:3036} INFO - Sync 1 DAGs
[2025-06-13T23:31:43.005+0000] {logging_mixin.py:188} INFO - [2025-06-13T23:31:43.005+0000] {dag.py:3823} INFO - Setting next_dagrun for provision_dw to None, run_after=None
[2025-06-13T23:31:43.030+0000] {processor.py:183} INFO - Processing /opt/airflow/dags/provision_dw.py took 0.101 seconds
[2025-06-13T23:32:13.199+0000] {processor.py:161} INFO - Started process (PID=550) to work on /opt/airflow/dags/provision_dw.py
[2025-06-13T23:32:13.201+0000] {processor.py:830} INFO - Processing file /opt/airflow/dags/provision_dw.py for tasks to queue
[2025-06-13T23:32:13.204+0000] {logging_mixin.py:188} INFO - [2025-06-13T23:32:13.203+0000] {dagbag.py:538} INFO - Filling up the DagBag from /opt/airflow/dags/provision_dw.py
[2025-06-13T23:32:13.216+0000] {processor.py:840} INFO - DAG(s) 'provision_dw' retrieved from /opt/airflow/dags/provision_dw.py
[2025-06-13T23:32:13.253+0000] {logging_mixin.py:188} INFO - [2025-06-13T23:32:13.252+0000] {dag.py:3036} INFO - Sync 1 DAGs
[2025-06-13T23:32:13.266+0000] {logging_mixin.py:188} INFO - [2025-06-13T23:32:13.266+0000] {dag.py:3823} INFO - Setting next_dagrun for provision_dw to None, run_after=None
[2025-06-13T23:32:13.290+0000] {processor.py:183} INFO - Processing /opt/airflow/dags/provision_dw.py took 0.101 seconds
[2025-06-13T23:32:43.508+0000] {processor.py:161} INFO - Started process (PID=553) to work on /opt/airflow/dags/provision_dw.py
[2025-06-13T23:32:43.510+0000] {processor.py:830} INFO - Processing file /opt/airflow/dags/provision_dw.py for tasks to queue
[2025-06-13T23:32:43.511+0000] {logging_mixin.py:188} INFO - [2025-06-13T23:32:43.511+0000] {dagbag.py:538} INFO - Filling up the DagBag from /opt/airflow/dags/provision_dw.py
[2025-06-13T23:32:43.526+0000] {processor.py:840} INFO - DAG(s) 'provision_dw' retrieved from /opt/airflow/dags/provision_dw.py
[2025-06-13T23:32:43.566+0000] {logging_mixin.py:188} INFO - [2025-06-13T23:32:43.565+0000] {dag.py:3036} INFO - Sync 1 DAGs
[2025-06-13T23:32:43.582+0000] {logging_mixin.py:188} INFO - [2025-06-13T23:32:43.582+0000] {dag.py:3823} INFO - Setting next_dagrun for provision_dw to None, run_after=None
[2025-06-13T23:32:43.608+0000] {processor.py:183} INFO - Processing /opt/airflow/dags/provision_dw.py took 0.111 seconds
[2025-06-13T23:33:13.782+0000] {processor.py:161} INFO - Started process (PID=556) to work on /opt/airflow/dags/provision_dw.py
[2025-06-13T23:33:13.785+0000] {processor.py:830} INFO - Processing file /opt/airflow/dags/provision_dw.py for tasks to queue
[2025-06-13T23:33:13.787+0000] {logging_mixin.py:188} INFO - [2025-06-13T23:33:13.786+0000] {dagbag.py:538} INFO - Filling up the DagBag from /opt/airflow/dags/provision_dw.py
[2025-06-13T23:33:13.798+0000] {processor.py:840} INFO - DAG(s) 'provision_dw' retrieved from /opt/airflow/dags/provision_dw.py
[2025-06-13T23:33:13.837+0000] {logging_mixin.py:188} INFO - [2025-06-13T23:33:13.837+0000] {dag.py:3036} INFO - Sync 1 DAGs
[2025-06-13T23:33:13.853+0000] {logging_mixin.py:188} INFO - [2025-06-13T23:33:13.852+0000] {dag.py:3823} INFO - Setting next_dagrun for provision_dw to None, run_after=None
[2025-06-13T23:33:13.879+0000] {processor.py:183} INFO - Processing /opt/airflow/dags/provision_dw.py took 0.102 seconds
[2025-06-13T23:33:44.047+0000] {processor.py:161} INFO - Started process (PID=559) to work on /opt/airflow/dags/provision_dw.py
[2025-06-13T23:33:44.048+0000] {processor.py:830} INFO - Processing file /opt/airflow/dags/provision_dw.py for tasks to queue
[2025-06-13T23:33:44.051+0000] {logging_mixin.py:188} INFO - [2025-06-13T23:33:44.051+0000] {dagbag.py:538} INFO - Filling up the DagBag from /opt/airflow/dags/provision_dw.py
[2025-06-13T23:33:44.063+0000] {processor.py:840} INFO - DAG(s) 'provision_dw' retrieved from /opt/airflow/dags/provision_dw.py
[2025-06-13T23:33:44.104+0000] {logging_mixin.py:188} INFO - [2025-06-13T23:33:44.104+0000] {dag.py:3036} INFO - Sync 1 DAGs
[2025-06-13T23:33:44.120+0000] {logging_mixin.py:188} INFO - [2025-06-13T23:33:44.119+0000] {dag.py:3823} INFO - Setting next_dagrun for provision_dw to None, run_after=None
[2025-06-13T23:33:44.145+0000] {processor.py:183} INFO - Processing /opt/airflow/dags/provision_dw.py took 0.102 seconds
[2025-06-13T23:34:14.318+0000] {processor.py:161} INFO - Started process (PID=562) to work on /opt/airflow/dags/provision_dw.py
[2025-06-13T23:34:14.320+0000] {processor.py:830} INFO - Processing file /opt/airflow/dags/provision_dw.py for tasks to queue
[2025-06-13T23:34:14.322+0000] {logging_mixin.py:188} INFO - [2025-06-13T23:34:14.321+0000] {dagbag.py:538} INFO - Filling up the DagBag from /opt/airflow/dags/provision_dw.py
[2025-06-13T23:34:14.336+0000] {processor.py:840} INFO - DAG(s) 'provision_dw' retrieved from /opt/airflow/dags/provision_dw.py
[2025-06-13T23:34:14.374+0000] {logging_mixin.py:188} INFO - [2025-06-13T23:34:14.374+0000] {dag.py:3036} INFO - Sync 1 DAGs
[2025-06-13T23:34:14.387+0000] {logging_mixin.py:188} INFO - [2025-06-13T23:34:14.387+0000] {dag.py:3823} INFO - Setting next_dagrun for provision_dw to None, run_after=None
[2025-06-13T23:34:14.411+0000] {processor.py:183} INFO - Processing /opt/airflow/dags/provision_dw.py took 0.098 seconds
[2025-06-13T23:34:44.602+0000] {processor.py:161} INFO - Started process (PID=565) to work on /opt/airflow/dags/provision_dw.py
[2025-06-13T23:34:44.603+0000] {processor.py:830} INFO - Processing file /opt/airflow/dags/provision_dw.py for tasks to queue
[2025-06-13T23:34:44.605+0000] {logging_mixin.py:188} INFO - [2025-06-13T23:34:44.604+0000] {dagbag.py:538} INFO - Filling up the DagBag from /opt/airflow/dags/provision_dw.py
[2025-06-13T23:34:44.617+0000] {processor.py:840} INFO - DAG(s) 'provision_dw' retrieved from /opt/airflow/dags/provision_dw.py
[2025-06-13T23:34:44.654+0000] {logging_mixin.py:188} INFO - [2025-06-13T23:34:44.653+0000] {dag.py:3036} INFO - Sync 1 DAGs
[2025-06-13T23:34:44.668+0000] {logging_mixin.py:188} INFO - [2025-06-13T23:34:44.668+0000] {dag.py:3823} INFO - Setting next_dagrun for provision_dw to None, run_after=None
[2025-06-13T23:34:44.692+0000] {processor.py:183} INFO - Processing /opt/airflow/dags/provision_dw.py took 0.095 seconds
[2025-06-13T23:35:14.863+0000] {processor.py:161} INFO - Started process (PID=568) to work on /opt/airflow/dags/provision_dw.py
[2025-06-13T23:35:14.864+0000] {processor.py:830} INFO - Processing file /opt/airflow/dags/provision_dw.py for tasks to queue
[2025-06-13T23:35:14.865+0000] {logging_mixin.py:188} INFO - [2025-06-13T23:35:14.865+0000] {dagbag.py:538} INFO - Filling up the DagBag from /opt/airflow/dags/provision_dw.py
[2025-06-13T23:35:14.877+0000] {processor.py:840} INFO - DAG(s) 'provision_dw' retrieved from /opt/airflow/dags/provision_dw.py
[2025-06-13T23:35:14.911+0000] {logging_mixin.py:188} INFO - [2025-06-13T23:35:14.911+0000] {dag.py:3036} INFO - Sync 1 DAGs
[2025-06-13T23:35:14.925+0000] {logging_mixin.py:188} INFO - [2025-06-13T23:35:14.925+0000] {dag.py:3823} INFO - Setting next_dagrun for provision_dw to None, run_after=None
[2025-06-13T23:35:14.952+0000] {processor.py:183} INFO - Processing /opt/airflow/dags/provision_dw.py took 0.093 seconds
[2025-06-13T23:35:45.116+0000] {processor.py:161} INFO - Started process (PID=571) to work on /opt/airflow/dags/provision_dw.py
[2025-06-13T23:35:45.118+0000] {processor.py:830} INFO - Processing file /opt/airflow/dags/provision_dw.py for tasks to queue
[2025-06-13T23:35:45.119+0000] {logging_mixin.py:188} INFO - [2025-06-13T23:35:45.118+0000] {dagbag.py:538} INFO - Filling up the DagBag from /opt/airflow/dags/provision_dw.py
[2025-06-13T23:35:45.130+0000] {processor.py:840} INFO - DAG(s) 'provision_dw' retrieved from /opt/airflow/dags/provision_dw.py
[2025-06-13T23:35:45.165+0000] {logging_mixin.py:188} INFO - [2025-06-13T23:35:45.165+0000] {dag.py:3036} INFO - Sync 1 DAGs
[2025-06-13T23:35:45.179+0000] {logging_mixin.py:188} INFO - [2025-06-13T23:35:45.179+0000] {dag.py:3823} INFO - Setting next_dagrun for provision_dw to None, run_after=None
[2025-06-13T23:35:45.204+0000] {processor.py:183} INFO - Processing /opt/airflow/dags/provision_dw.py took 0.091 seconds
[2025-06-13T23:36:15.285+0000] {processor.py:161} INFO - Started process (PID=572) to work on /opt/airflow/dags/provision_dw.py
[2025-06-13T23:36:15.289+0000] {processor.py:830} INFO - Processing file /opt/airflow/dags/provision_dw.py for tasks to queue
[2025-06-13T23:36:15.291+0000] {logging_mixin.py:188} INFO - [2025-06-13T23:36:15.290+0000] {dagbag.py:538} INFO - Filling up the DagBag from /opt/airflow/dags/provision_dw.py
[2025-06-13T23:36:15.302+0000] {processor.py:840} INFO - DAG(s) 'provision_dw' retrieved from /opt/airflow/dags/provision_dw.py
[2025-06-13T23:36:15.339+0000] {logging_mixin.py:188} INFO - [2025-06-13T23:36:15.338+0000] {dag.py:3036} INFO - Sync 1 DAGs
[2025-06-13T23:36:15.353+0000] {logging_mixin.py:188} INFO - [2025-06-13T23:36:15.353+0000] {dag.py:3823} INFO - Setting next_dagrun for provision_dw to None, run_after=None
[2025-06-13T23:36:15.380+0000] {processor.py:183} INFO - Processing /opt/airflow/dags/provision_dw.py took 0.100 seconds
[2025-06-13T23:36:45.590+0000] {processor.py:161} INFO - Started process (PID=575) to work on /opt/airflow/dags/provision_dw.py
[2025-06-13T23:36:45.592+0000] {processor.py:830} INFO - Processing file /opt/airflow/dags/provision_dw.py for tasks to queue
[2025-06-13T23:36:45.593+0000] {logging_mixin.py:188} INFO - [2025-06-13T23:36:45.593+0000] {dagbag.py:538} INFO - Filling up the DagBag from /opt/airflow/dags/provision_dw.py
[2025-06-13T23:36:45.608+0000] {processor.py:840} INFO - DAG(s) 'provision_dw' retrieved from /opt/airflow/dags/provision_dw.py
[2025-06-13T23:36:45.671+0000] {logging_mixin.py:188} INFO - [2025-06-13T23:36:45.671+0000] {dag.py:3036} INFO - Sync 1 DAGs
[2025-06-13T23:36:45.686+0000] {logging_mixin.py:188} INFO - [2025-06-13T23:36:45.686+0000] {dag.py:3823} INFO - Setting next_dagrun for provision_dw to None, run_after=None
[2025-06-13T23:36:45.714+0000] {processor.py:183} INFO - Processing /opt/airflow/dags/provision_dw.py took 0.138 seconds
[2025-06-13T23:37:15.905+0000] {processor.py:161} INFO - Started process (PID=578) to work on /opt/airflow/dags/provision_dw.py
[2025-06-13T23:37:15.908+0000] {processor.py:830} INFO - Processing file /opt/airflow/dags/provision_dw.py for tasks to queue
[2025-06-13T23:37:15.909+0000] {logging_mixin.py:188} INFO - [2025-06-13T23:37:15.908+0000] {dagbag.py:538} INFO - Filling up the DagBag from /opt/airflow/dags/provision_dw.py
[2025-06-13T23:37:15.920+0000] {processor.py:840} INFO - DAG(s) 'provision_dw' retrieved from /opt/airflow/dags/provision_dw.py
[2025-06-13T23:37:15.960+0000] {logging_mixin.py:188} INFO - [2025-06-13T23:37:15.960+0000] {dag.py:3036} INFO - Sync 1 DAGs
[2025-06-13T23:37:15.976+0000] {logging_mixin.py:188} INFO - [2025-06-13T23:37:15.976+0000] {dag.py:3823} INFO - Setting next_dagrun for provision_dw to None, run_after=None
[2025-06-13T23:37:16.002+0000] {processor.py:183} INFO - Processing /opt/airflow/dags/provision_dw.py took 0.102 seconds
[2025-06-13T23:37:46.212+0000] {processor.py:161} INFO - Started process (PID=581) to work on /opt/airflow/dags/provision_dw.py
[2025-06-13T23:37:46.214+0000] {processor.py:830} INFO - Processing file /opt/airflow/dags/provision_dw.py for tasks to queue
[2025-06-13T23:37:46.215+0000] {logging_mixin.py:188} INFO - [2025-06-13T23:37:46.215+0000] {dagbag.py:538} INFO - Filling up the DagBag from /opt/airflow/dags/provision_dw.py
[2025-06-13T23:37:46.228+0000] {processor.py:840} INFO - DAG(s) 'provision_dw' retrieved from /opt/airflow/dags/provision_dw.py
[2025-06-13T23:37:46.265+0000] {logging_mixin.py:188} INFO - [2025-06-13T23:37:46.264+0000] {dag.py:3036} INFO - Sync 1 DAGs
[2025-06-13T23:37:46.279+0000] {logging_mixin.py:188} INFO - [2025-06-13T23:37:46.279+0000] {dag.py:3823} INFO - Setting next_dagrun for provision_dw to None, run_after=None
[2025-06-13T23:37:46.305+0000] {processor.py:183} INFO - Processing /opt/airflow/dags/provision_dw.py took 0.097 seconds
[2025-06-13T23:38:16.515+0000] {processor.py:161} INFO - Started process (PID=584) to work on /opt/airflow/dags/provision_dw.py
[2025-06-13T23:38:16.517+0000] {processor.py:830} INFO - Processing file /opt/airflow/dags/provision_dw.py for tasks to queue
[2025-06-13T23:38:16.519+0000] {logging_mixin.py:188} INFO - [2025-06-13T23:38:16.518+0000] {dagbag.py:538} INFO - Filling up the DagBag from /opt/airflow/dags/provision_dw.py
[2025-06-13T23:38:16.536+0000] {processor.py:840} INFO - DAG(s) 'provision_dw' retrieved from /opt/airflow/dags/provision_dw.py
[2025-06-13T23:38:16.571+0000] {logging_mixin.py:188} INFO - [2025-06-13T23:38:16.570+0000] {dag.py:3036} INFO - Sync 1 DAGs
[2025-06-13T23:38:16.589+0000] {logging_mixin.py:188} INFO - [2025-06-13T23:38:16.589+0000] {dag.py:3823} INFO - Setting next_dagrun for provision_dw to None, run_after=None
[2025-06-13T23:38:16.616+0000] {processor.py:183} INFO - Processing /opt/airflow/dags/provision_dw.py took 0.108 seconds
[2025-06-13T23:38:46.847+0000] {processor.py:161} INFO - Started process (PID=587) to work on /opt/airflow/dags/provision_dw.py
[2025-06-13T23:38:46.849+0000] {processor.py:830} INFO - Processing file /opt/airflow/dags/provision_dw.py for tasks to queue
[2025-06-13T23:38:46.851+0000] {logging_mixin.py:188} INFO - [2025-06-13T23:38:46.851+0000] {dagbag.py:538} INFO - Filling up the DagBag from /opt/airflow/dags/provision_dw.py
[2025-06-13T23:38:46.874+0000] {processor.py:840} INFO - DAG(s) 'provision_dw' retrieved from /opt/airflow/dags/provision_dw.py
[2025-06-13T23:38:46.912+0000] {logging_mixin.py:188} INFO - [2025-06-13T23:38:46.912+0000] {dag.py:3036} INFO - Sync 1 DAGs
[2025-06-13T23:38:46.928+0000] {logging_mixin.py:188} INFO - [2025-06-13T23:38:46.928+0000] {dag.py:3823} INFO - Setting next_dagrun for provision_dw to None, run_after=None
[2025-06-13T23:38:46.952+0000] {processor.py:183} INFO - Processing /opt/airflow/dags/provision_dw.py took 0.114 seconds
[2025-06-13T23:39:17.141+0000] {processor.py:161} INFO - Started process (PID=590) to work on /opt/airflow/dags/provision_dw.py
[2025-06-13T23:39:17.142+0000] {processor.py:830} INFO - Processing file /opt/airflow/dags/provision_dw.py for tasks to queue
[2025-06-13T23:39:17.143+0000] {logging_mixin.py:188} INFO - [2025-06-13T23:39:17.142+0000] {dagbag.py:538} INFO - Filling up the DagBag from /opt/airflow/dags/provision_dw.py
[2025-06-13T23:39:17.154+0000] {processor.py:840} INFO - DAG(s) 'provision_dw' retrieved from /opt/airflow/dags/provision_dw.py
[2025-06-13T23:39:17.189+0000] {logging_mixin.py:188} INFO - [2025-06-13T23:39:17.189+0000] {dag.py:3036} INFO - Sync 1 DAGs
[2025-06-13T23:39:17.203+0000] {logging_mixin.py:188} INFO - [2025-06-13T23:39:17.203+0000] {dag.py:3823} INFO - Setting next_dagrun for provision_dw to None, run_after=None
[2025-06-13T23:39:17.225+0000] {processor.py:183} INFO - Processing /opt/airflow/dags/provision_dw.py took 0.088 seconds
[2025-06-13T23:39:47.444+0000] {processor.py:161} INFO - Started process (PID=593) to work on /opt/airflow/dags/provision_dw.py
[2025-06-13T23:39:47.447+0000] {processor.py:830} INFO - Processing file /opt/airflow/dags/provision_dw.py for tasks to queue
[2025-06-13T23:39:47.450+0000] {logging_mixin.py:188} INFO - [2025-06-13T23:39:47.449+0000] {dagbag.py:538} INFO - Filling up the DagBag from /opt/airflow/dags/provision_dw.py
[2025-06-13T23:39:47.472+0000] {processor.py:840} INFO - DAG(s) 'provision_dw' retrieved from /opt/airflow/dags/provision_dw.py
[2025-06-13T23:39:47.510+0000] {logging_mixin.py:188} INFO - [2025-06-13T23:39:47.509+0000] {dag.py:3036} INFO - Sync 1 DAGs
[2025-06-13T23:39:47.523+0000] {logging_mixin.py:188} INFO - [2025-06-13T23:39:47.522+0000] {dag.py:3823} INFO - Setting next_dagrun for provision_dw to None, run_after=None
[2025-06-13T23:39:47.545+0000] {processor.py:183} INFO - Processing /opt/airflow/dags/provision_dw.py took 0.114 seconds
[2025-06-13T23:40:17.733+0000] {processor.py:161} INFO - Started process (PID=596) to work on /opt/airflow/dags/provision_dw.py
[2025-06-13T23:40:17.736+0000] {processor.py:830} INFO - Processing file /opt/airflow/dags/provision_dw.py for tasks to queue
[2025-06-13T23:40:17.738+0000] {logging_mixin.py:188} INFO - [2025-06-13T23:40:17.737+0000] {dagbag.py:538} INFO - Filling up the DagBag from /opt/airflow/dags/provision_dw.py
[2025-06-13T23:40:17.752+0000] {processor.py:840} INFO - DAG(s) 'provision_dw' retrieved from /opt/airflow/dags/provision_dw.py
[2025-06-13T23:40:17.791+0000] {logging_mixin.py:188} INFO - [2025-06-13T23:40:17.790+0000] {dag.py:3036} INFO - Sync 1 DAGs
[2025-06-13T23:40:17.808+0000] {logging_mixin.py:188} INFO - [2025-06-13T23:40:17.807+0000] {dag.py:3823} INFO - Setting next_dagrun for provision_dw to None, run_after=None
[2025-06-13T23:40:17.853+0000] {processor.py:183} INFO - Processing /opt/airflow/dags/provision_dw.py took 0.132 seconds
[2025-06-13T23:40:48.015+0000] {processor.py:161} INFO - Started process (PID=599) to work on /opt/airflow/dags/provision_dw.py
[2025-06-13T23:40:48.017+0000] {processor.py:830} INFO - Processing file /opt/airflow/dags/provision_dw.py for tasks to queue
[2025-06-13T23:40:48.018+0000] {logging_mixin.py:188} INFO - [2025-06-13T23:40:48.017+0000] {dagbag.py:538} INFO - Filling up the DagBag from /opt/airflow/dags/provision_dw.py
[2025-06-13T23:40:48.032+0000] {processor.py:840} INFO - DAG(s) 'provision_dw' retrieved from /opt/airflow/dags/provision_dw.py
[2025-06-13T23:40:48.072+0000] {logging_mixin.py:188} INFO - [2025-06-13T23:40:48.071+0000] {dag.py:3036} INFO - Sync 1 DAGs
[2025-06-13T23:40:48.088+0000] {logging_mixin.py:188} INFO - [2025-06-13T23:40:48.087+0000] {dag.py:3823} INFO - Setting next_dagrun for provision_dw to None, run_after=None
[2025-06-13T23:40:48.113+0000] {processor.py:183} INFO - Processing /opt/airflow/dags/provision_dw.py took 0.103 seconds
[2025-06-13T23:41:18.277+0000] {processor.py:161} INFO - Started process (PID=602) to work on /opt/airflow/dags/provision_dw.py
[2025-06-13T23:41:18.279+0000] {processor.py:830} INFO - Processing file /opt/airflow/dags/provision_dw.py for tasks to queue
[2025-06-13T23:41:18.280+0000] {logging_mixin.py:188} INFO - [2025-06-13T23:41:18.280+0000] {dagbag.py:538} INFO - Filling up the DagBag from /opt/airflow/dags/provision_dw.py
[2025-06-13T23:41:18.293+0000] {processor.py:840} INFO - DAG(s) 'provision_dw' retrieved from /opt/airflow/dags/provision_dw.py
[2025-06-13T23:41:18.338+0000] {logging_mixin.py:188} INFO - [2025-06-13T23:41:18.337+0000] {dag.py:3036} INFO - Sync 1 DAGs
[2025-06-13T23:41:18.354+0000] {logging_mixin.py:188} INFO - [2025-06-13T23:41:18.354+0000] {dag.py:3823} INFO - Setting next_dagrun for provision_dw to None, run_after=None
[2025-06-13T23:41:18.377+0000] {processor.py:183} INFO - Processing /opt/airflow/dags/provision_dw.py took 0.104 seconds
[2025-06-13T23:41:48.573+0000] {processor.py:161} INFO - Started process (PID=605) to work on /opt/airflow/dags/provision_dw.py
[2025-06-13T23:41:48.576+0000] {processor.py:830} INFO - Processing file /opt/airflow/dags/provision_dw.py for tasks to queue
[2025-06-13T23:41:48.578+0000] {logging_mixin.py:188} INFO - [2025-06-13T23:41:48.578+0000] {dagbag.py:538} INFO - Filling up the DagBag from /opt/airflow/dags/provision_dw.py
[2025-06-13T23:41:48.590+0000] {processor.py:840} INFO - DAG(s) 'provision_dw' retrieved from /opt/airflow/dags/provision_dw.py
[2025-06-13T23:41:48.628+0000] {logging_mixin.py:188} INFO - [2025-06-13T23:41:48.628+0000] {dag.py:3036} INFO - Sync 1 DAGs
[2025-06-13T23:41:48.644+0000] {logging_mixin.py:188} INFO - [2025-06-13T23:41:48.644+0000] {dag.py:3823} INFO - Setting next_dagrun for provision_dw to None, run_after=None
[2025-06-13T23:41:48.677+0000] {processor.py:183} INFO - Processing /opt/airflow/dags/provision_dw.py took 0.112 seconds
[2025-06-13T23:42:18.863+0000] {processor.py:161} INFO - Started process (PID=608) to work on /opt/airflow/dags/provision_dw.py
[2025-06-13T23:42:18.868+0000] {processor.py:830} INFO - Processing file /opt/airflow/dags/provision_dw.py for tasks to queue
[2025-06-13T23:42:18.870+0000] {logging_mixin.py:188} INFO - [2025-06-13T23:42:18.869+0000] {dagbag.py:538} INFO - Filling up the DagBag from /opt/airflow/dags/provision_dw.py
[2025-06-13T23:42:18.885+0000] {processor.py:840} INFO - DAG(s) 'provision_dw' retrieved from /opt/airflow/dags/provision_dw.py
[2025-06-13T23:42:18.929+0000] {logging_mixin.py:188} INFO - [2025-06-13T23:42:18.928+0000] {dag.py:3036} INFO - Sync 1 DAGs
[2025-06-13T23:42:18.944+0000] {logging_mixin.py:188} INFO - [2025-06-13T23:42:18.944+0000] {dag.py:3823} INFO - Setting next_dagrun for provision_dw to None, run_after=None
[2025-06-13T23:42:18.975+0000] {processor.py:183} INFO - Processing /opt/airflow/dags/provision_dw.py took 0.117 seconds
[2025-06-13T23:42:49.170+0000] {processor.py:161} INFO - Started process (PID=611) to work on /opt/airflow/dags/provision_dw.py
[2025-06-13T23:42:49.173+0000] {processor.py:830} INFO - Processing file /opt/airflow/dags/provision_dw.py for tasks to queue
[2025-06-13T23:42:49.176+0000] {logging_mixin.py:188} INFO - [2025-06-13T23:42:49.175+0000] {dagbag.py:538} INFO - Filling up the DagBag from /opt/airflow/dags/provision_dw.py
[2025-06-13T23:42:49.203+0000] {processor.py:840} INFO - DAG(s) 'provision_dw' retrieved from /opt/airflow/dags/provision_dw.py
[2025-06-13T23:42:49.246+0000] {logging_mixin.py:188} INFO - [2025-06-13T23:42:49.246+0000] {dag.py:3036} INFO - Sync 1 DAGs
[2025-06-13T23:42:49.262+0000] {logging_mixin.py:188} INFO - [2025-06-13T23:42:49.262+0000] {dag.py:3823} INFO - Setting next_dagrun for provision_dw to None, run_after=None
[2025-06-13T23:42:49.284+0000] {processor.py:183} INFO - Processing /opt/airflow/dags/provision_dw.py took 0.124 seconds
[2025-06-13T23:43:19.464+0000] {processor.py:161} INFO - Started process (PID=614) to work on /opt/airflow/dags/provision_dw.py
[2025-06-13T23:43:19.466+0000] {processor.py:830} INFO - Processing file /opt/airflow/dags/provision_dw.py for tasks to queue
[2025-06-13T23:43:19.467+0000] {logging_mixin.py:188} INFO - [2025-06-13T23:43:19.466+0000] {dagbag.py:538} INFO - Filling up the DagBag from /opt/airflow/dags/provision_dw.py
[2025-06-13T23:43:19.481+0000] {processor.py:840} INFO - DAG(s) 'provision_dw' retrieved from /opt/airflow/dags/provision_dw.py
[2025-06-13T23:43:19.517+0000] {logging_mixin.py:188} INFO - [2025-06-13T23:43:19.516+0000] {dag.py:3036} INFO - Sync 1 DAGs
[2025-06-13T23:43:19.532+0000] {logging_mixin.py:188} INFO - [2025-06-13T23:43:19.531+0000] {dag.py:3823} INFO - Setting next_dagrun for provision_dw to None, run_after=None
[2025-06-13T23:43:19.554+0000] {processor.py:183} INFO - Processing /opt/airflow/dags/provision_dw.py took 0.095 seconds
